#Build: Fabric Compiler 2022.2-SP1-Lite, Build 132640, Aug 18 15:12 2023
#Install: D:\Tools\pango\PDS_2022.2-SP1-Lite\bin
#Application name: pds_shell.exe
#OS: Windows 10 10.0.19045
#Hostname: Y9000P
Generated by Fabric Compiler (version 2022.2-SP1-Lite build 132640) at Mon Oct 21 14:12:17 2024
Compiling verification operator library.
Compiling common defs.
Compiling prim grid devices.
Compiling gate devices.
Compiling gate operators.
Building architecture model.
Loading device packaging model.
Reading design from DB.
Start Generating Programming File...
Reading design from DB takes 1.343750 sec.
Generating architecture configuration.
The bitstream file is "D:/Files/Pango/lite/ddr3_test/pnr/ipcore/axi_ddr/pnr/generate_bitstream/test_ddr.sbit"
Generate programming file takes 8.046875 sec.
Generating Programming File done.
Action gen_bit_stream: Real time elapsed is 0h:0m:14s
Action gen_bit_stream: CPU time elapsed is 0h:0m:13s
Action gen_bit_stream: Process CPU time elapsed is 0h:0m:13s
Current time: Mon Oct 21 14:12:29 2024
Action gen_bit_stream: Peak memory pool usage is 813 MB
