#Build: Fabric Compiler 2022.2-SP1-Lite, Build 132640, Aug 18 15:12 2023
#Install: D:\Tools\pango\PDS_2022.2-SP1-Lite\bin
#Application name: pds_shell.exe
#OS: Windows 10 10.0.19045
#Hostname: Y9000P
Generated by Fabric Compiler (version 2022.2-SP1-Lite build 132640) at Mon Oct 21 14:09:04 2024
Compiling verification operator library.
Compiling common defs.
Loading technology operator library.
Compiling technology operator library.
Compiling technology operator (valence) library.
Compiling operator packing rules.
Compiling prim grid devices.
Compiling gate devices.
Compiling gate operators.
Compiling tech operator impls.
Building architecture model.
Loading device packaging model.
Flattening design 'test_ddr'
Device mapping started.
Optimizing circuit logic.
Checking design netlist.
Processing tech operator.
I: The instance clkbufg_0(GTP_CLKBUFG) has been inserted on the net core_clk in design, driver pin CLKDIVOUT(instance I_ipsxb_ddr_top/I_GTP_CLKDIV) -> load pin CLK(instance I_ipsxb_ddr_top/u_ddrphy_top/ddrphy_calib_top/calib_mux/calib_address[0]).
W: DeviceMap-4006: Insert a inst clkgate_1(GTP_IOCLKBUF) before I_ipsxb_ddr_top/I_GTP_CLKDIV(GTP_IOCLKDIV).
Converting tech operator to gate operator.
Processing gate operator.
I: Infer CARRY group, base inst: N140_2_1/gateop, insts:25.
I: Infer CARRY group, base inst: I_ipsxb_ddr_top/u_ipsxb_ddrc_top/mcdq_dcp_top/mcdq_dcp_buf/A_ipsxb_distributed_fifo/u_ipsxb_distributed_fifo_distributed_fifo_v1_0/u_ipsxb_distributed_fifo_ctr/N2_1/gateop, insts:5.
I: Infer CARRY group, base inst: I_ipsxb_ddr_top/u_ipsxb_ddrc_top/mcdq_dcp_top/mcdq_dcp_buf/A_ipsxb_distributed_fifo/u_ipsxb_distributed_fifo_distributed_fifo_v1_0/u_ipsxb_distributed_fifo_ctr/N9_1/gateop, insts:5.
I: Infer CARRY group, base inst: I_ipsxb_ddr_top/u_ipsxb_ddrc_top/mcdq_dcp_top/mcdq_dcp_buf/A_ipsxb_distributed_fifo/u_ipsxb_distributed_fifo_distributed_fifo_v1_0/u_ipsxb_distributed_fifo_ctr/N19.lt_0/gateop, insts:3.
I: Infer CARRY group, base inst: I_ipsxb_ddr_top/u_ipsxb_ddrc_top/mcdq_dcp_top/mcdq_dcp_buf/A_ipsxb_distributed_fifo/u_ipsxb_distributed_fifo_distributed_fifo_v1_0/u_ipsxb_distributed_fifo_ctr/N24_1.fsub_1/gateop, insts:6.
I: Infer CARRY group, base inst: I_ipsxb_ddr_top/u_ipsxb_ddrc_top/mcdq_dcp_top/mcdq_dcp_buf/A_ipsxb_distributed_fifo/u_ipsxb_distributed_fifo_distributed_fifo_v1_0/u_ipsxb_distributed_fifo_ctr/N30.fsub_1/gateop, insts:6.
I: Infer CARRY group, base inst: u_bist_top/u_test_rd_ctrl/N44.eq_0/gateop, insts:2.
I: Infer CARRY group, base inst: u_bist_top/u_test_rd_ctrl/N75.lt_0/gateop, insts:2.
I: Infer CARRY group, base inst: u_bist_top/u_test_rd_ctrl/N84_1_0/gateop, insts:12.
I: Infer CARRY group, base inst: u_bist_top/u_test_rd_ctrl/N110_1_1/gateop, insts:15.
I: Infer CARRY group, base inst: u_bist_top/u_test_rd_ctrl/N114.eq_0/gateop, insts:8.
I: Infer CARRY group, base inst: u_bist_top/u_test_rd_ctrl/N121_1_1/gateop, insts:7.
I: Infer CARRY group, base inst: u_bist_top/u_test_rd_ctrl/N124_1_1/gateop, insts:6.
I: Infer CARRY group, base inst: u_bist_top/u_test_rd_ctrl/N127_1_1/gateop, insts:7.
I: Infer CARRY group, base inst: u_bist_top/u_test_rd_ctrl/N130_1_0/gateop, insts:6.
I: Infer CARRY group, base inst: u_bist_top/u_test_rd_ctrl/N133_1_1/gateop, insts:7.
I: Infer CARRY group, base inst: u_bist_top/u_test_rd_ctrl/N136_1_1/gateop, insts:6.
I: Infer CARRY group, base inst: u_bist_top/u_test_rd_ctrl/N139_1_1/gateop, insts:7.
I: Infer CARRY group, base inst: u_bist_top/u_test_rd_ctrl/N837_1_0/gateop, insts:8.
I: Infer CARRY group, base inst: u_bist_top/u_test_rd_ctrl/N1392_1/gateop, insts:16.
I: Infer CARRY group, base inst: u_bist_top/u_test_wr_ctrl/N21_1_1/gateop, insts:20.
I: Infer CARRY group, base inst: u_bist_top/u_test_wr_ctrl/N109_1_1/gateop, insts:7.
I: Infer CARRY group, base inst: u_bist_top/u_test_wr_ctrl/N118_1_1/gateop, insts:25.
I: Infer CARRY group, base inst: u_bist_top/u_test_wr_ctrl/N127_1_0/gateop, insts:12.
I: Infer CARRY group, base inst: u_bist_top/u_test_wr_ctrl/N151_1_1/gateop, insts:15.
I: Infer CARRY group, base inst: u_bist_top/u_test_wr_ctrl/N159.eq_0/gateop, insts:8.
I: Infer CARRY group, base inst: u_bist_top/u_test_wr_ctrl/N171_1_1/gateop, insts:7.
I: Infer CARRY group, base inst: u_bist_top/u_test_wr_ctrl/N174_1_1/gateop, insts:6.
I: Infer CARRY group, base inst: u_bist_top/u_test_wr_ctrl/N177_1_1/gateop, insts:7.
I: Infer CARRY group, base inst: u_bist_top/u_test_wr_ctrl/N180_1_0/gateop, insts:6.
I: Infer CARRY group, base inst: u_bist_top/u_test_wr_ctrl/N183_1_1/gateop, insts:7.
I: Infer CARRY group, base inst: u_bist_top/u_test_wr_ctrl/N186_1_1/gateop, insts:6.
I: Infer CARRY group, base inst: u_bist_top/u_test_wr_ctrl/N189_1_1/gateop, insts:7.
I: Infer CARRY group, base inst: u_bist_top/u_test_wr_ctrl/N1023_0/gateop, insts:17.
I: Infer CARRY group, base inst: I_ipsxb_ddr_top/u_ddrphy_top/ddrphy_dfi/N16_1_1/gateop, insts:31.
I: Infer CARRY group, base inst: I_ipsxb_ddr_top/u_ddrphy_top/ddrphy_gate_update_ctrl/N7_1_1/gateop, insts:7.
I: Infer CARRY group, base inst: I_ipsxb_ddr_top/u_ddrphy_top/ddrphy_info/mc_al_6.fsub_1/gateop, insts:4.
I: Infer CARRY group, base inst: I_ipsxb_ddr_top/u_ddrphy_top/ddrphy_info/mc_rl_1/gateop, insts:5.
I: Infer CARRY group, base inst: I_ipsxb_ddr_top/u_ddrphy_top/ddrphy_info/mc_wl_0/gateop, insts:6.
I: Infer CARRY group, base inst: I_ipsxb_ddr_top/u_ddrphy_top/ddrphy_reset_ctrl/N29_1_1/gateop, insts:7.
I: Infer CARRY group, base inst: I_ipsxb_ddr_top/u_ddrphy_top/ddrphy_slice_top/N48_1_0/gateop, insts:8.
I: Infer CARRY group, base inst: I_ipsxb_ddr_top/u_ipsxb_ddrc_top/mcdq_ui_axi/N59_1_0/gateop, insts:5.
I: Infer CARRY group, base inst: I_ipsxb_ddr_top/u_ipsxb_ddrc_top/mcdq_ui_axi/N69_2_1/gateop, insts:25.
I: Infer CARRY group, base inst: I_ipsxb_ddr_top/u_ipsxb_ddrc_top/mcdq_dcp_top/mcdq_dcp_buf/A_ipsxb_distributed_fifo/u_ipsxb_distributed_fifo_distributed_fifo_v1_0/u_ipsxb_distributed_fifo_ctr/N36.eq_0/gateop, insts:3.
I: Infer CARRY group, base inst: I_ipsxb_ddr_top/u_ipsxb_ddrc_top/mcdq_ui_axi/N185.eq_0/gateop, insts:8.
I: Infer CARRY group, base inst: I_ipsxb_ddr_top/u_ipsxb_ddrc_top/mcdq_ui_axi/column_addr_end_1_1/gateop, insts:7.
I: Infer CARRY group, base inst: I_ipsxb_ddr_top/u_ipsxb_ddrc_top/mcdq_dcp_top/mcdq_dcp_buf/B_ipsxb_distributed_fifo/u_ipsxb_distributed_fifo_distributed_fifo_v1_0/u_ipsxb_distributed_fifo_ctr/N2_1/gateop, insts:5.
I: Infer CARRY group, base inst: I_ipsxb_ddr_top/u_ipsxb_ddrc_top/mcdq_dcp_top/mcdq_dcp_buf/B_ipsxb_distributed_fifo/u_ipsxb_distributed_fifo_distributed_fifo_v1_0/u_ipsxb_distributed_fifo_ctr/N9_1/gateop, insts:5.
I: Infer CARRY group, base inst: I_ipsxb_ddr_top/u_ipsxb_ddrc_top/mcdq_dcp_top/mcdq_dcp_buf/B_ipsxb_distributed_fifo/u_ipsxb_distributed_fifo_distributed_fifo_v1_0/u_ipsxb_distributed_fifo_ctr/N19.lt_0/gateop, insts:3.
I: Infer CARRY group, base inst: I_ipsxb_ddr_top/u_ipsxb_ddrc_top/mcdq_dcp_top/mcdq_dcp_buf/B_ipsxb_distributed_fifo/u_ipsxb_distributed_fifo_distributed_fifo_v1_0/u_ipsxb_distributed_fifo_ctr/N24_1.fsub_1/gateop, insts:6.
I: Infer CARRY group, base inst: I_ipsxb_ddr_top/u_ipsxb_ddrc_top/mcdq_dcp_top/mcdq_dcp_buf/B_ipsxb_distributed_fifo/u_ipsxb_distributed_fifo_distributed_fifo_v1_0/u_ipsxb_distributed_fifo_ctr/N30.fsub_1/gateop, insts:6.
I: Infer CARRY group, base inst: I_ipsxb_ddr_top/u_ipsxb_ddrc_top/mcdq_dcp_top/mcdq_dcp_buf/B_ipsxb_distributed_fifo/u_ipsxb_distributed_fifo_distributed_fifo_v1_0/u_ipsxb_distributed_fifo_ctr/N36.eq_0/gateop, insts:3.
I: Infer CARRY group, base inst: u_ipsxb_uart_ctrl/u_uart_top/u_ipsxb_clk_gen/N11_1_1/gateop, insts:15.
I: Infer CARRY group, base inst: u_ipsxb_uart_ctrl/u_uart_top/u_ipsxb_seu_uart_tx/N55_1_1/gateop, insts:5.
I: Infer CARRY group, base inst: I_ipsxb_ddr_top/u_ddrphy_top/ddrphy_calib_top/ddrphy_init/N3_1_1/gateop, insts:15.
I: Infer CARRY group, base inst: I_ipsxb_ddr_top/u_ddrphy_top/ddrphy_calib_top/ddrphy_init/N23_1_1/gateop, insts:15.
I: Infer CARRY group, base inst: I_ipsxb_ddr_top/u_ddrphy_top/ddrphy_calib_top/ddrphy_init/N41_1_1/gateop, insts:7.
I: Infer CARRY group, base inst: I_ipsxb_ddr_top/u_ddrphy_top/ddrphy_calib_top/ddrphy_init/N79_1_1/gateop, insts:9.
I: Infer CARRY group, base inst: I_ipsxb_ddr_top/u_ddrphy_top/ddrphy_calib_top/ddrphy_wrlvl/N8_1_1/gateop, insts:7.
I: Infer CARRY group, base inst: I_ipsxb_ddr_top/u_ddrphy_top/ddrphy_calib_top/rdcal/N33_1_1/gateop, insts:17.
I: Infer CARRY group, base inst: I_ipsxb_ddr_top/u_ddrphy_top/ddrphy_calib_top/upcal/N99_1_1/gateop, insts:7.
I: Infer CARRY group, base inst: I_ipsxb_ddr_top/u_ddrphy_top/ddrphy_gate_update_ctrl/drift_dqs_group[0].ddrphy_drift_ctrl/N42_1_1/gateop, insts:9.
I: Infer CARRY group, base inst: I_ipsxb_ddr_top/u_ddrphy_top/ddrphy_gate_update_ctrl/drift_dqs_group[0].ddrphy_drift_ctrl/N76_1_1/gateop, insts:9.
I: Infer CARRY group, base inst: I_ipsxb_ddr_top/u_ddrphy_top/ddrphy_gate_update_ctrl/drift_dqs_group[1].ddrphy_drift_ctrl/N42_1_1/gateop, insts:9.
I: Infer CARRY group, base inst: I_ipsxb_ddr_top/u_ddrphy_top/ddrphy_gate_update_ctrl/drift_dqs_group[1].ddrphy_drift_ctrl/N76_1_1/gateop, insts:9.
I: Infer CARRY group, base inst: I_ipsxb_ddr_top/u_ddrphy_top/ddrphy_gate_update_ctrl/drift_dqs_group[2].ddrphy_drift_ctrl/N42_1_1/gateop, insts:9.
I: Infer CARRY group, base inst: I_ipsxb_ddr_top/u_ddrphy_top/ddrphy_gate_update_ctrl/drift_dqs_group[2].ddrphy_drift_ctrl/N76_1_1/gateop, insts:9.
I: Infer CARRY group, base inst: I_ipsxb_ddr_top/u_ddrphy_top/ddrphy_gate_update_ctrl/drift_dqs_group[3].ddrphy_drift_ctrl/N42_1_1/gateop, insts:9.
I: Infer CARRY group, base inst: I_ipsxb_ddr_top/u_ddrphy_top/ddrphy_gate_update_ctrl/drift_dqs_group[3].ddrphy_drift_ctrl/N76_1_1/gateop, insts:9.
I: Infer CARRY group, base inst: I_ipsxb_ddr_top/u_ddrphy_top/ddrphy_reset_ctrl/ddrphy_pll_lock_debounce/N11_1_1/gateop, insts:18.
I: Infer CARRY group, base inst: I_ipsxb_ddr_top/u_ipsxb_ddrc_top/mcdq_dcd_top/mcdq_dcd_bm/N37_1_1/gateop, insts:12.
I: Infer CARRY group, base inst: I_ipsxb_ddr_top/u_ipsxb_ddrc_top/mcdq_dcd_top/mcdq_dcd_sm/N162_6_0[9:0]_1/gateop, insts:7.
I: Infer CARRY group, base inst: I_ipsxb_ddr_top/u_ipsxb_ddrc_top/mcdq_dcp_top/mcdq_dcp_buf/N46_1_1/gateop, insts:6.
I: Infer CARRY group, base inst: I_ipsxb_ddr_top/u_ipsxb_ddrc_top/mcdq_dcp_top/mcdq_dcp_buf/N135_2_1/gateop, insts:5.
I: Infer CARRY group, base inst: I_ipsxb_ddr_top/u_ddrphy_top/ddrphy_slice_top/i_dqs_group[0].u_ddrphy_data_slice/data_slice_wrlvl/N102_1_0/gateop, insts:8.
I: Infer CARRY group, base inst: I_ipsxb_ddr_top/u_ddrphy_top/ddrphy_slice_top/i_dqs_group[0].u_ddrphy_data_slice/data_slice_wrlvl/N104_1_1/gateop, insts:7.
I: Infer CARRY group, base inst: I_ipsxb_ddr_top/u_ddrphy_top/ddrphy_slice_top/i_dqs_group[0].u_ddrphy_data_slice/data_slice_wrlvl/N201_1_1/gateop, insts:7.
I: Infer CARRY group, base inst: I_ipsxb_ddr_top/u_ddrphy_top/ddrphy_slice_top/i_dqs_group[0].u_ddrphy_data_slice/dqsi_rdel_cal/N28_1.fsub_0/gateop, insts:7.
I: Infer CARRY group, base inst: I_ipsxb_ddr_top/u_ddrphy_top/ddrphy_slice_top/i_dqs_group[0].u_ddrphy_data_slice/dqsi_rdel_cal/N33_1_1/gateop, insts:7.
I: Infer CARRY group, base inst: I_ipsxb_ddr_top/u_ddrphy_top/ddrphy_slice_top/i_dqs_group[0].u_ddrphy_data_slice/dqsi_rdel_cal/N43_1.fsub_1/gateop, insts:7.
I: Infer CARRY group, base inst: I_ipsxb_ddr_top/u_ddrphy_top/ddrphy_slice_top/i_dqs_group[0].u_ddrphy_data_slice/dqsi_rdel_cal/N53.eq_0/gateop, insts:3.
I: Infer CARRY group, base inst: I_ipsxb_ddr_top/u_ddrphy_top/ddrphy_slice_top/i_dqs_group[0].u_ddrphy_data_slice/dqsi_rdel_cal/N85_1/gateop, insts:8.
I: Infer CARRY group, base inst: I_ipsxb_ddr_top/u_ddrphy_top/ddrphy_slice_top/i_dqs_group[0].u_ddrphy_data_slice/dqsi_rdel_cal/N104_1_1/gateop, insts:9.
I: Infer CARRY group, base inst: I_ipsxb_ddr_top/u_ddrphy_top/ddrphy_slice_top/i_dqs_group[0].u_ddrphy_data_slice/dqsi_rdel_cal/N108.eq_0/gateop, insts:5.
I: Infer CARRY group, base inst: I_ipsxb_ddr_top/u_ddrphy_top/ddrphy_slice_top/i_dqs_group[0].u_ddrphy_data_slice/dqsi_rdel_cal/N167.eq_0/gateop, insts:5.
I: Infer CARRY group, base inst: I_ipsxb_ddr_top/u_ddrphy_top/ddrphy_slice_top/i_dqs_group[0].u_ddrphy_data_slice/dqsi_rdel_cal/N264_1_0/gateop, insts:8.
I: Infer CARRY group, base inst: I_ipsxb_ddr_top/u_ddrphy_top/ddrphy_slice_top/i_dqs_group[0].u_ddrphy_data_slice/dqsi_rdel_cal/N280_1_0/gateop, insts:8.
I: Infer CARRY group, base inst: I_ipsxb_ddr_top/u_ddrphy_top/ddrphy_slice_top/i_dqs_group[0].u_ddrphy_data_slice/dqsi_rdel_cal/N285_1_1/gateop, insts:9.
I: Infer CARRY group, base inst: I_ipsxb_ddr_top/u_ddrphy_top/ddrphy_slice_top/i_dqs_group[0].u_ddrphy_data_slice/dqsi_rdel_cal/N626_6_0/gateop, insts:8.
I: Infer CARRY group, base inst: I_ipsxb_ddr_top/u_ddrphy_top/ddrphy_slice_top/i_dqs_group[1].u_ddrphy_data_slice/data_slice_wrlvl/N102_1_0/gateop, insts:8.
I: Infer CARRY group, base inst: I_ipsxb_ddr_top/u_ddrphy_top/ddrphy_slice_top/i_dqs_group[1].u_ddrphy_data_slice/data_slice_wrlvl/N104_1_1/gateop, insts:7.
I: Infer CARRY group, base inst: I_ipsxb_ddr_top/u_ddrphy_top/ddrphy_slice_top/i_dqs_group[1].u_ddrphy_data_slice/data_slice_wrlvl/N201_1_1/gateop, insts:7.
I: Infer CARRY group, base inst: I_ipsxb_ddr_top/u_ddrphy_top/ddrphy_slice_top/i_dqs_group[1].u_ddrphy_data_slice/dqsi_rdel_cal/N28_1.fsub_0/gateop, insts:7.
I: Infer CARRY group, base inst: I_ipsxb_ddr_top/u_ddrphy_top/ddrphy_slice_top/i_dqs_group[1].u_ddrphy_data_slice/dqsi_rdel_cal/N33_1_1/gateop, insts:7.
I: Infer CARRY group, base inst: I_ipsxb_ddr_top/u_ddrphy_top/ddrphy_slice_top/i_dqs_group[1].u_ddrphy_data_slice/dqsi_rdel_cal/N43_1.fsub_1/gateop, insts:7.
I: Infer CARRY group, base inst: I_ipsxb_ddr_top/u_ddrphy_top/ddrphy_slice_top/i_dqs_group[1].u_ddrphy_data_slice/dqsi_rdel_cal/N53.eq_0/gateop, insts:3.
I: Infer CARRY group, base inst: I_ipsxb_ddr_top/u_ddrphy_top/ddrphy_slice_top/i_dqs_group[1].u_ddrphy_data_slice/dqsi_rdel_cal/N85_1/gateop, insts:8.
I: Infer CARRY group, base inst: I_ipsxb_ddr_top/u_ddrphy_top/ddrphy_slice_top/i_dqs_group[1].u_ddrphy_data_slice/dqsi_rdel_cal/N104_1_1/gateop, insts:9.
I: Infer CARRY group, base inst: I_ipsxb_ddr_top/u_ddrphy_top/ddrphy_slice_top/i_dqs_group[1].u_ddrphy_data_slice/dqsi_rdel_cal/N108.eq_0/gateop, insts:5.
I: Infer CARRY group, base inst: I_ipsxb_ddr_top/u_ddrphy_top/ddrphy_slice_top/i_dqs_group[1].u_ddrphy_data_slice/dqsi_rdel_cal/N167.eq_0/gateop, insts:5.
I: Infer CARRY group, base inst: I_ipsxb_ddr_top/u_ddrphy_top/ddrphy_slice_top/i_dqs_group[1].u_ddrphy_data_slice/dqsi_rdel_cal/N264_1_0/gateop, insts:8.
I: Infer CARRY group, base inst: I_ipsxb_ddr_top/u_ddrphy_top/ddrphy_slice_top/i_dqs_group[1].u_ddrphy_data_slice/dqsi_rdel_cal/N280_1_0/gateop, insts:8.
I: Infer CARRY group, base inst: I_ipsxb_ddr_top/u_ddrphy_top/ddrphy_slice_top/i_dqs_group[1].u_ddrphy_data_slice/dqsi_rdel_cal/N285_1_1/gateop, insts:9.
I: Infer CARRY group, base inst: I_ipsxb_ddr_top/u_ddrphy_top/ddrphy_slice_top/i_dqs_group[1].u_ddrphy_data_slice/dqsi_rdel_cal/N626_6_0/gateop, insts:8.
I: Infer CARRY group, base inst: I_ipsxb_ddr_top/u_ddrphy_top/ddrphy_slice_top/i_dqs_group[2].u_ddrphy_data_slice/data_slice_wrlvl/N102_1_0/gateop, insts:8.
I: Infer CARRY group, base inst: I_ipsxb_ddr_top/u_ddrphy_top/ddrphy_slice_top/i_dqs_group[2].u_ddrphy_data_slice/data_slice_wrlvl/N104_1_1/gateop, insts:7.
I: Infer CARRY group, base inst: I_ipsxb_ddr_top/u_ddrphy_top/ddrphy_slice_top/i_dqs_group[2].u_ddrphy_data_slice/data_slice_wrlvl/N201_1_1/gateop, insts:7.
I: Infer CARRY group, base inst: I_ipsxb_ddr_top/u_ddrphy_top/ddrphy_slice_top/i_dqs_group[2].u_ddrphy_data_slice/dqsi_rdel_cal/N85_1/gateop, insts:8.
I: Infer CARRY group, base inst: I_ipsxb_ddr_top/u_ddrphy_top/ddrphy_slice_top/i_dqs_group[2].u_ddrphy_data_slice/dqsi_rdel_cal/N104_1_1/gateop, insts:9.
I: Infer CARRY group, base inst: I_ipsxb_ddr_top/u_ddrphy_top/ddrphy_slice_top/i_dqs_group[2].u_ddrphy_data_slice/dqsi_rdel_cal/N108.eq_0/gateop, insts:5.
I: Infer CARRY group, base inst: I_ipsxb_ddr_top/u_ddrphy_top/ddrphy_slice_top/i_dqs_group[2].u_ddrphy_data_slice/dqsi_rdel_cal/N167.eq_0/gateop, insts:5.
I: Infer CARRY group, base inst: I_ipsxb_ddr_top/u_ddrphy_top/ddrphy_slice_top/i_dqs_group[2].u_ddrphy_data_slice/dqsi_rdel_cal/N264_1_0/gateop, insts:8.
I: Infer CARRY group, base inst: I_ipsxb_ddr_top/u_ddrphy_top/ddrphy_slice_top/i_dqs_group[2].u_ddrphy_data_slice/dqsi_rdel_cal/N280_1_0/gateop, insts:8.
I: Infer CARRY group, base inst: I_ipsxb_ddr_top/u_ddrphy_top/ddrphy_slice_top/i_dqs_group[2].u_ddrphy_data_slice/dqsi_rdel_cal/N285_1_1/gateop, insts:9.
I: Infer CARRY group, base inst: I_ipsxb_ddr_top/u_ddrphy_top/ddrphy_slice_top/i_dqs_group[2].u_ddrphy_data_slice/dqsi_rdel_cal/N626_6_0/gateop, insts:8.
I: Infer CARRY group, base inst: I_ipsxb_ddr_top/u_ddrphy_top/ddrphy_slice_top/i_dqs_group[3].u_ddrphy_data_slice/data_slice_wrlvl/N102_1_0/gateop, insts:8.
I: Infer CARRY group, base inst: I_ipsxb_ddr_top/u_ddrphy_top/ddrphy_slice_top/i_dqs_group[3].u_ddrphy_data_slice/data_slice_wrlvl/N104_1_1/gateop, insts:7.
I: Infer CARRY group, base inst: I_ipsxb_ddr_top/u_ddrphy_top/ddrphy_slice_top/i_dqs_group[3].u_ddrphy_data_slice/data_slice_wrlvl/N201_1_1/gateop, insts:7.
I: Infer CARRY group, base inst: I_ipsxb_ddr_top/u_ddrphy_top/ddrphy_slice_top/i_dqs_group[3].u_ddrphy_data_slice/dqsi_rdel_cal/N28_1.fsub_0/gateop, insts:7.
I: Infer CARRY group, base inst: I_ipsxb_ddr_top/u_ddrphy_top/ddrphy_slice_top/i_dqs_group[3].u_ddrphy_data_slice/dqsi_rdel_cal/N33_1_1/gateop, insts:7.
I: Infer CARRY group, base inst: I_ipsxb_ddr_top/u_ddrphy_top/ddrphy_slice_top/i_dqs_group[3].u_ddrphy_data_slice/dqsi_rdel_cal/N43_1.fsub_1/gateop, insts:7.
I: Infer CARRY group, base inst: I_ipsxb_ddr_top/u_ddrphy_top/ddrphy_slice_top/i_dqs_group[3].u_ddrphy_data_slice/dqsi_rdel_cal/N53.eq_0/gateop, insts:3.
I: Infer CARRY group, base inst: I_ipsxb_ddr_top/u_ddrphy_top/ddrphy_slice_top/i_dqs_group[3].u_ddrphy_data_slice/dqsi_rdel_cal/N85_1/gateop, insts:8.
I: Infer CARRY group, base inst: I_ipsxb_ddr_top/u_ddrphy_top/ddrphy_slice_top/i_dqs_group[3].u_ddrphy_data_slice/dqsi_rdel_cal/N104_1_1/gateop, insts:9.
I: Infer CARRY group, base inst: I_ipsxb_ddr_top/u_ddrphy_top/ddrphy_slice_top/i_dqs_group[3].u_ddrphy_data_slice/dqsi_rdel_cal/N108.eq_0/gateop, insts:5.
I: Infer CARRY group, base inst: I_ipsxb_ddr_top/u_ddrphy_top/ddrphy_slice_top/i_dqs_group[3].u_ddrphy_data_slice/dqsi_rdel_cal/N167.eq_0/gateop, insts:5.
I: Infer CARRY group, base inst: I_ipsxb_ddr_top/u_ddrphy_top/ddrphy_slice_top/i_dqs_group[3].u_ddrphy_data_slice/dqsi_rdel_cal/N264_1_0/gateop, insts:8.
I: Infer CARRY group, base inst: I_ipsxb_ddr_top/u_ddrphy_top/ddrphy_slice_top/i_dqs_group[3].u_ddrphy_data_slice/dqsi_rdel_cal/N280_1_0/gateop, insts:8.
I: Infer CARRY group, base inst: I_ipsxb_ddr_top/u_ddrphy_top/ddrphy_slice_top/i_dqs_group[3].u_ddrphy_data_slice/dqsi_rdel_cal/N285_1_1/gateop, insts:9.
I: Infer CARRY group, base inst: I_ipsxb_ddr_top/u_ddrphy_top/ddrphy_slice_top/i_dqs_group[3].u_ddrphy_data_slice/dqsi_rdel_cal/N626_6_0/gateop, insts:8.
I: Infer CARRY group, base inst: I_ipsxb_ddr_top/u_ipsxb_ddrc_top/mcdq_dcp_top/mcdq_dcp_back_ctrl/timing_act_pass/N31.lt_0/gateop, insts:4.
I: Infer CARRY group, base inst: I_ipsxb_ddr_top/u_ddrphy_top/ddrphy_slice_top/i_dqs_group[0].u_ddrphy_data_slice/data_slice_dqs_gate_cal/gatecal/N81_1_0/gateop, insts:6.
I: Infer CARRY group, base inst: I_ipsxb_ddr_top/u_ddrphy_top/ddrphy_slice_top/i_dqs_group[0].u_ddrphy_data_slice/data_slice_dqs_gate_cal/gatecal/N169_1_0/gateop, insts:6.
I: Infer CARRY group, base inst: I_ipsxb_ddr_top/u_ddrphy_top/ddrphy_slice_top/i_dqs_group[0].u_ddrphy_data_slice/data_slice_dqs_gate_cal/gatecal/N187_1_1/gateop, insts:5.
I: Infer CARRY group, base inst: I_ipsxb_ddr_top/u_ddrphy_top/ddrphy_slice_top/i_dqs_group[0].u_ddrphy_data_slice/data_slice_dqs_gate_cal/gatecal/N389_8.fsub_0/gateop, insts:6.
I: Infer CARRY group, base inst: I_ipsxb_ddr_top/u_ddrphy_top/ddrphy_slice_top/i_dqs_group[1].u_ddrphy_data_slice/data_slice_dqs_gate_cal/gatecal/N81_1_0/gateop, insts:6.
I: Infer CARRY group, base inst: I_ipsxb_ddr_top/u_ddrphy_top/ddrphy_slice_top/i_dqs_group[1].u_ddrphy_data_slice/data_slice_dqs_gate_cal/gatecal/N169_1_0/gateop, insts:6.
I: Infer CARRY group, base inst: I_ipsxb_ddr_top/u_ddrphy_top/ddrphy_slice_top/i_dqs_group[1].u_ddrphy_data_slice/data_slice_dqs_gate_cal/gatecal/N187_1_1/gateop, insts:5.
I: Infer CARRY group, base inst: I_ipsxb_ddr_top/u_ddrphy_top/ddrphy_slice_top/i_dqs_group[1].u_ddrphy_data_slice/data_slice_dqs_gate_cal/gatecal/N389_8.fsub_0/gateop, insts:6.
I: Infer CARRY group, base inst: I_ipsxb_ddr_top/u_ddrphy_top/ddrphy_slice_top/i_dqs_group[2].u_ddrphy_data_slice/data_slice_dqs_gate_cal/gatecal/N81_1_0/gateop, insts:6.
I: Infer CARRY group, base inst: I_ipsxb_ddr_top/u_ddrphy_top/ddrphy_slice_top/i_dqs_group[2].u_ddrphy_data_slice/data_slice_dqs_gate_cal/gatecal/N169_1_1/gateop, insts:5.
I: Infer CARRY group, base inst: I_ipsxb_ddr_top/u_ddrphy_top/ddrphy_slice_top/i_dqs_group[2].u_ddrphy_data_slice/data_slice_dqs_gate_cal/gatecal/N187_1_0/gateop, insts:6.
I: Infer CARRY group, base inst: I_ipsxb_ddr_top/u_ddrphy_top/ddrphy_slice_top/i_dqs_group[2].u_ddrphy_data_slice/data_slice_dqs_gate_cal/gatecal/N389_8.fsub_0/gateop, insts:6.
I: Infer CARRY group, base inst: I_ipsxb_ddr_top/u_ddrphy_top/ddrphy_slice_top/i_dqs_group[3].u_ddrphy_data_slice/data_slice_dqs_gate_cal/gatecal/N81_1_0/gateop, insts:6.
I: Infer CARRY group, base inst: I_ipsxb_ddr_top/u_ddrphy_top/ddrphy_slice_top/i_dqs_group[3].u_ddrphy_data_slice/data_slice_dqs_gate_cal/gatecal/N169_1_1/gateop, insts:5.
I: Infer CARRY group, base inst: I_ipsxb_ddr_top/u_ddrphy_top/ddrphy_slice_top/i_dqs_group[3].u_ddrphy_data_slice/data_slice_dqs_gate_cal/gatecal/N187_1_0/gateop, insts:6.
I: Infer CARRY group, base inst: I_ipsxb_ddr_top/u_ddrphy_top/ddrphy_slice_top/i_dqs_group[3].u_ddrphy_data_slice/data_slice_dqs_gate_cal/gatecal/N389_8.fsub_0/gateop, insts:6.
I: Infer CARRY group, base inst: I_ipsxb_ddr_top/u_ipsxb_ddrc_top/mcdq_wdatapath/ipsxb_distributed_fifo/u_ipsxb_distributed_fifo_distributed_fifo_v1_0/u_ipsxb_distributed_fifo_ctr/N2_1/gateop, insts:5.
I: Infer CARRY group, base inst: I_ipsxb_ddr_top/u_ipsxb_ddrc_top/mcdq_wdatapath/ipsxb_distributed_fifo/u_ipsxb_distributed_fifo_distributed_fifo_v1_0/u_ipsxb_distributed_fifo_ctr/N9_1/gateop, insts:5.
I: Infer CARRY group, base inst: I_ipsxb_ddr_top/u_ipsxb_ddrc_top/mcdq_wdatapath/ipsxb_distributed_fifo/u_ipsxb_distributed_fifo_distributed_fifo_v1_0/u_ipsxb_distributed_fifo_ctr/N36.eq_0/gateop, insts:3.
Device Utilization Summary:
+------------------------------------------------------------------------+
| Logic Utilization     | Used     | Available     | Utilization(%)     
+------------------------------------------------------------------------+
| APM                   | 0        | 84            | 0                  
| IOCKDLY               | 0        | 40            | 0                  
| FF                    | 9443     | 64200         | 15                 
| LUT                   | 8611     | 42800         | 21                 
| Distributed RAM       | 70       | 17000         | 1                  
| DLL                   | 1        | 10            | 10                 
| DQSL                  | 8        | 18            | 45                 
| DRM                   | 0        | 134           | 0                  
| FUSECODE              | 0        | 1             | 0                  
| IO                    | 79       | 296           | 27                 
| IOCKDIV               | 1        | 20            | 5                  
| IOCKGATE              | 4        | 20            | 20                 
| IPAL                  | 0        | 1             | 0                  
| PLL                   | 2        | 5             | 40                 
| RCKB                  | 0        | 24            | 0                  
| SCANCHAIN             | 0        | 2             | 0                  
| START                 | 0        | 1             | 0                  
| USCM                  | 4        | 30            | 14                 
| HSST                  | 0        | 1             | 0                  
| OSC                   | 0        | 1             | 0                  
| CRYSTAL               | 0        | 2             | 0                  
| RESCAL                | 0        | 4             | 0                  
| UDID                  | 0        | 1             | 0                  
| PCIE                  | 0        | 1             | 0                  
+------------------------------------------------------------------------+

Device mapping done.
Total device mapping takes 1.11 sec.

Design 'test_ddr' has been successfully mapped to architecture-specific objects.
Saving design to DB.
Action dev_map: Real time elapsed is 0h:0m:13s
Action dev_map: CPU time elapsed is 0h:0m:12s
Action dev_map: Process CPU time elapsed is 0h:0m:12s
Current time: Mon Oct 21 14:09:15 2024
Action dev_map: Peak memory pool usage is 438 MB
