#Build: Fabric Compiler 2022.2-SP1-Lite, Build 132640, Aug 18 15:12 2023
#Install: D:\Tools\pango\PDS_2022.2-SP1-Lite\bin
#Application name: pds_shell.exe
#OS: Windows 10 10.0.19045
#Hostname: Y9000P
Generated by Fabric Compiler (version 2022.2-SP1-Lite build 132640) at Mon Oct 21 14:09:18 2024
Compiling verification operator library.
Compiling common defs.
Compiling prim grid devices.
Compiling gate devices.
Compiling gate operators.
Building architecture model.
Loading device packaging model.
pnr strategy configuration : 
strategy name : 0
Building architecture floorplan logic view.
Constraint check start.
Executing : def_port {mem_dq[0]} LOC=U1 VCCIO=1.5 IOSTANDARD=HSTL15_I DRIVE=8 SLEW=FAST NONE=TRUE
Executing : def_port {mem_dq[0]} LOC=U1 VCCIO=1.5 IOSTANDARD=HSTL15_I DRIVE=8 SLEW=FAST NONE=TRUE successfully
Executing : def_port {mem_dq[1]} LOC=U3 VCCIO=1.5 IOSTANDARD=HSTL15_I DRIVE=8 SLEW=FAST NONE=TRUE
Executing : def_port {mem_dq[1]} LOC=U3 VCCIO=1.5 IOSTANDARD=HSTL15_I DRIVE=8 SLEW=FAST NONE=TRUE successfully
Executing : def_port {mem_dq[2]} LOC=T2 VCCIO=1.5 IOSTANDARD=HSTL15_I DRIVE=8 SLEW=FAST NONE=TRUE
Executing : def_port {mem_dq[2]} LOC=T2 VCCIO=1.5 IOSTANDARD=HSTL15_I DRIVE=8 SLEW=FAST NONE=TRUE successfully
Executing : def_port {mem_dq[3]} LOC=Y2 VCCIO=1.5 IOSTANDARD=HSTL15_I DRIVE=8 SLEW=FAST NONE=TRUE
Executing : def_port {mem_dq[3]} LOC=Y2 VCCIO=1.5 IOSTANDARD=HSTL15_I DRIVE=8 SLEW=FAST NONE=TRUE successfully
Executing : def_port {mem_dq[4]} LOC=T1 VCCIO=1.5 IOSTANDARD=HSTL15_I DRIVE=8 SLEW=FAST NONE=TRUE
Executing : def_port {mem_dq[4]} LOC=T1 VCCIO=1.5 IOSTANDARD=HSTL15_I DRIVE=8 SLEW=FAST NONE=TRUE successfully
Executing : def_port {mem_dq[5]} LOC=Y1 VCCIO=1.5 IOSTANDARD=HSTL15_I DRIVE=8 SLEW=FAST NONE=TRUE
Executing : def_port {mem_dq[5]} LOC=Y1 VCCIO=1.5 IOSTANDARD=HSTL15_I DRIVE=8 SLEW=FAST NONE=TRUE successfully
Executing : def_port {mem_dq[6]} LOC=M7 VCCIO=1.5 IOSTANDARD=HSTL15_I DRIVE=8 SLEW=FAST NONE=TRUE
Executing : def_port {mem_dq[6]} LOC=M7 VCCIO=1.5 IOSTANDARD=HSTL15_I DRIVE=8 SLEW=FAST NONE=TRUE successfully
Executing : def_port {mem_dq[7]} LOC=W1 VCCIO=1.5 IOSTANDARD=HSTL15_I DRIVE=8 SLEW=FAST NONE=TRUE
Executing : def_port {mem_dq[7]} LOC=W1 VCCIO=1.5 IOSTANDARD=HSTL15_I DRIVE=8 SLEW=FAST NONE=TRUE successfully
Executing : def_port {mem_dq[8]} LOC=P1 VCCIO=1.5 IOSTANDARD=HSTL15_I DRIVE=8 SLEW=FAST NONE=TRUE
Executing : def_port {mem_dq[8]} LOC=P1 VCCIO=1.5 IOSTANDARD=HSTL15_I DRIVE=8 SLEW=FAST NONE=TRUE successfully
Executing : def_port {mem_dq[9]} LOC=M2 VCCIO=1.5 IOSTANDARD=HSTL15_I DRIVE=8 SLEW=FAST NONE=TRUE
C: ConstraintEditor-2002: [D:/Files/Pango/lite/ddr3_test/pnr/ipcore/axi_ddr/pnr/device_map/test_ddr.pcf(line number: 12)] | Port mem_dq[9] has been placed at location M2, whose type is share pin.
Executing : def_port {mem_dq[9]} LOC=M2 VCCIO=1.5 IOSTANDARD=HSTL15_I DRIVE=8 SLEW=FAST NONE=TRUE successfully
Executing : def_port {mem_dq[10]} LOC=R1 VCCIO=1.5 IOSTANDARD=HSTL15_I DRIVE=8 SLEW=FAST NONE=TRUE
Executing : def_port {mem_dq[10]} LOC=R1 VCCIO=1.5 IOSTANDARD=HSTL15_I DRIVE=8 SLEW=FAST NONE=TRUE successfully
Executing : def_port {mem_dq[11]} LOC=M1 VCCIO=1.5 IOSTANDARD=HSTL15_I DRIVE=8 SLEW=FAST NONE=TRUE
C: ConstraintEditor-2002: [D:/Files/Pango/lite/ddr3_test/pnr/ipcore/axi_ddr/pnr/device_map/test_ddr.pcf(line number: 14)] | Port mem_dq[11] has been placed at location M1, whose type is share pin.
Executing : def_port {mem_dq[11]} LOC=M1 VCCIO=1.5 IOSTANDARD=HSTL15_I DRIVE=8 SLEW=FAST NONE=TRUE successfully
Executing : def_port {mem_dq[12]} LOC=P2 VCCIO=1.5 IOSTANDARD=HSTL15_I DRIVE=8 SLEW=FAST NONE=TRUE
Executing : def_port {mem_dq[12]} LOC=P2 VCCIO=1.5 IOSTANDARD=HSTL15_I DRIVE=8 SLEW=FAST NONE=TRUE successfully
Executing : def_port {mem_dq[13]} LOC=L3 VCCIO=1.5 IOSTANDARD=HSTL15_I DRIVE=8 SLEW=FAST NONE=TRUE
Executing : def_port {mem_dq[13]} LOC=L3 VCCIO=1.5 IOSTANDARD=HSTL15_I DRIVE=8 SLEW=FAST NONE=TRUE successfully
Executing : def_port {mem_dq[14]} LOC=P3 VCCIO=1.5 IOSTANDARD=HSTL15_I DRIVE=8 SLEW=FAST NONE=TRUE
C: ConstraintEditor-2002: [D:/Files/Pango/lite/ddr3_test/pnr/ipcore/axi_ddr/pnr/device_map/test_ddr.pcf(line number: 17)] | Port mem_dq[14] has been placed at location P3, whose type is share pin.
Executing : def_port {mem_dq[14]} LOC=P3 VCCIO=1.5 IOSTANDARD=HSTL15_I DRIVE=8 SLEW=FAST NONE=TRUE successfully
Executing : def_port {mem_dq[15]} LOC=N4 VCCIO=1.5 IOSTANDARD=HSTL15_I DRIVE=8 SLEW=FAST NONE=TRUE
Executing : def_port {mem_dq[15]} LOC=N4 VCCIO=1.5 IOSTANDARD=HSTL15_I DRIVE=8 SLEW=FAST NONE=TRUE successfully
Executing : def_port {mem_dq[16]} LOC=K4 VCCIO=1.5 IOSTANDARD=HSTL15_I DRIVE=8 SLEW=FAST NONE=TRUE
Executing : def_port {mem_dq[16]} LOC=K4 VCCIO=1.5 IOSTANDARD=HSTL15_I DRIVE=8 SLEW=FAST NONE=TRUE successfully
Executing : def_port {mem_dq[17]} LOC=K1 VCCIO=1.5 IOSTANDARD=HSTL15_I DRIVE=8 SLEW=FAST NONE=TRUE
Executing : def_port {mem_dq[17]} LOC=K1 VCCIO=1.5 IOSTANDARD=HSTL15_I DRIVE=8 SLEW=FAST NONE=TRUE successfully
Executing : def_port {mem_dq[18]} LOC=J3 VCCIO=1.5 IOSTANDARD=HSTL15_I DRIVE=8 SLEW=FAST NONE=TRUE
Executing : def_port {mem_dq[18]} LOC=J3 VCCIO=1.5 IOSTANDARD=HSTL15_I DRIVE=8 SLEW=FAST NONE=TRUE successfully
Executing : def_port {mem_dq[19]} LOC=L4 VCCIO=1.5 IOSTANDARD=HSTL15_I DRIVE=8 SLEW=FAST NONE=TRUE
Executing : def_port {mem_dq[19]} LOC=L4 VCCIO=1.5 IOSTANDARD=HSTL15_I DRIVE=8 SLEW=FAST NONE=TRUE successfully
Executing : def_port {mem_dq[20]} LOC=K3 VCCIO=1.5 IOSTANDARD=HSTL15_I DRIVE=8 SLEW=FAST NONE=TRUE
Executing : def_port {mem_dq[20]} LOC=K3 VCCIO=1.5 IOSTANDARD=HSTL15_I DRIVE=8 SLEW=FAST NONE=TRUE successfully
Executing : def_port {mem_dq[21]} LOC=M3 VCCIO=1.5 IOSTANDARD=HSTL15_I DRIVE=8 SLEW=FAST NONE=TRUE
Executing : def_port {mem_dq[21]} LOC=M3 VCCIO=1.5 IOSTANDARD=HSTL15_I DRIVE=8 SLEW=FAST NONE=TRUE successfully
Executing : def_port {mem_dq[22]} LOC=J1 VCCIO=1.5 IOSTANDARD=HSTL15_I DRIVE=8 SLEW=FAST NONE=TRUE
Executing : def_port {mem_dq[22]} LOC=J1 VCCIO=1.5 IOSTANDARD=HSTL15_I DRIVE=8 SLEW=FAST NONE=TRUE successfully
Executing : def_port {mem_dq[23]} LOC=M4 VCCIO=1.5 IOSTANDARD=HSTL15_I DRIVE=8 SLEW=FAST NONE=TRUE
Executing : def_port {mem_dq[23]} LOC=M4 VCCIO=1.5 IOSTANDARD=HSTL15_I DRIVE=8 SLEW=FAST NONE=TRUE successfully
Executing : def_port {mem_dq[24]} LOC=J6 VCCIO=1.5 IOSTANDARD=HSTL15_I DRIVE=8 SLEW=FAST NONE=TRUE
Executing : def_port {mem_dq[24]} LOC=J6 VCCIO=1.5 IOSTANDARD=HSTL15_I DRIVE=8 SLEW=FAST NONE=TRUE successfully
Executing : def_port {mem_dq[25]} LOC=F1 VCCIO=1.5 IOSTANDARD=HSTL15_I DRIVE=8 SLEW=FAST NONE=TRUE
Executing : def_port {mem_dq[25]} LOC=F1 VCCIO=1.5 IOSTANDARD=HSTL15_I DRIVE=8 SLEW=FAST NONE=TRUE successfully
Executing : def_port {mem_dq[26]} LOC=K7 VCCIO=1.5 IOSTANDARD=HSTL15_I DRIVE=8 SLEW=FAST NONE=TRUE
Executing : def_port {mem_dq[26]} LOC=K7 VCCIO=1.5 IOSTANDARD=HSTL15_I DRIVE=8 SLEW=FAST NONE=TRUE successfully
Executing : def_port {mem_dq[27]} LOC=F2 VCCIO=1.5 IOSTANDARD=HSTL15_I DRIVE=8 SLEW=FAST NONE=TRUE
Executing : def_port {mem_dq[27]} LOC=F2 VCCIO=1.5 IOSTANDARD=HSTL15_I DRIVE=8 SLEW=FAST NONE=TRUE successfully
Executing : def_port {mem_dq[28]} LOC=H5 VCCIO=1.5 IOSTANDARD=HSTL15_I DRIVE=8 SLEW=FAST NONE=TRUE
Executing : def_port {mem_dq[28]} LOC=H5 VCCIO=1.5 IOSTANDARD=HSTL15_I DRIVE=8 SLEW=FAST NONE=TRUE successfully
Executing : def_port {mem_dq[29]} LOC=H3 VCCIO=1.5 IOSTANDARD=HSTL15_I DRIVE=8 SLEW=FAST NONE=TRUE
Executing : def_port {mem_dq[29]} LOC=H3 VCCIO=1.5 IOSTANDARD=HSTL15_I DRIVE=8 SLEW=FAST NONE=TRUE successfully
Executing : def_port {mem_dq[30]} LOC=J4 VCCIO=1.5 IOSTANDARD=HSTL15_I DRIVE=8 SLEW=FAST NONE=TRUE
Executing : def_port {mem_dq[30]} LOC=J4 VCCIO=1.5 IOSTANDARD=HSTL15_I DRIVE=8 SLEW=FAST NONE=TRUE successfully
Executing : def_port {mem_dq[31]} LOC=G3 VCCIO=1.5 IOSTANDARD=HSTL15_I DRIVE=8 SLEW=FAST NONE=TRUE
Executing : def_port {mem_dq[31]} LOC=G3 VCCIO=1.5 IOSTANDARD=HSTL15_I DRIVE=8 SLEW=FAST NONE=TRUE successfully
Executing : def_port {mem_dqs[0]} LOC=V2 VCCIO=1.5 IOSTANDARD=HSTL15D_I DRIVE=8 SLEW=FAST NONE=TRUE
Executing : def_port {mem_dqs[0]} LOC=V2 VCCIO=1.5 IOSTANDARD=HSTL15D_I DRIVE=8 SLEW=FAST NONE=TRUE successfully
Executing : def_port {mem_dqs[1]} LOC=N3 VCCIO=1.5 IOSTANDARD=HSTL15D_I DRIVE=8 SLEW=FAST NONE=TRUE
Executing : def_port {mem_dqs[1]} LOC=N3 VCCIO=1.5 IOSTANDARD=HSTL15D_I DRIVE=8 SLEW=FAST NONE=TRUE successfully
Executing : def_port {mem_dqs[2]} LOC=M6 VCCIO=1.5 IOSTANDARD=HSTL15D_I DRIVE=8 SLEW=FAST NONE=TRUE
Executing : def_port {mem_dqs[2]} LOC=M6 VCCIO=1.5 IOSTANDARD=HSTL15D_I DRIVE=8 SLEW=FAST NONE=TRUE successfully
Executing : def_port {mem_dqs[3]} LOC=E3 VCCIO=1.5 IOSTANDARD=HSTL15D_I DRIVE=8 SLEW=FAST NONE=TRUE
Executing : def_port {mem_dqs[3]} LOC=E3 VCCIO=1.5 IOSTANDARD=HSTL15D_I DRIVE=8 SLEW=FAST NONE=TRUE successfully
Executing : def_port {mem_dqs_n[0]} LOC=V1 VCCIO=1.5 IOSTANDARD=HSTL15D_I DRIVE=8 SLEW=FAST NONE=TRUE
Executing : def_port {mem_dqs_n[0]} LOC=V1 VCCIO=1.5 IOSTANDARD=HSTL15D_I DRIVE=8 SLEW=FAST NONE=TRUE successfully
Executing : def_port {mem_dqs_n[1]} LOC=N1 VCCIO=1.5 IOSTANDARD=HSTL15D_I DRIVE=8 SLEW=FAST NONE=TRUE
Executing : def_port {mem_dqs_n[1]} LOC=N1 VCCIO=1.5 IOSTANDARD=HSTL15D_I DRIVE=8 SLEW=FAST NONE=TRUE successfully
Executing : def_port {mem_dqs_n[2]} LOC=L6 VCCIO=1.5 IOSTANDARD=HSTL15D_I DRIVE=8 SLEW=FAST NONE=TRUE
Executing : def_port {mem_dqs_n[2]} LOC=L6 VCCIO=1.5 IOSTANDARD=HSTL15D_I DRIVE=8 SLEW=FAST NONE=TRUE successfully
Executing : def_port {mem_dqs_n[3]} LOC=E1 VCCIO=1.5 IOSTANDARD=HSTL15D_I DRIVE=8 SLEW=FAST NONE=TRUE
Executing : def_port {mem_dqs_n[3]} LOC=E1 VCCIO=1.5 IOSTANDARD=HSTL15D_I DRIVE=8 SLEW=FAST NONE=TRUE successfully
Executing : def_port {ddr_init_done} LOC=B2 VCCIO=3.3 IOSTANDARD=LVCMOS33 DRIVE=8 SLEW=FAST NONE=TRUE
Executing : def_port {ddr_init_done} LOC=B2 VCCIO=3.3 IOSTANDARD=LVCMOS33 DRIVE=8 SLEW=FAST NONE=TRUE successfully
Executing : def_port {err_flag_led} LOC=A2 VCCIO=3.3 IOSTANDARD=LVCMOS33 DRIVE=8 SLEW=FAST NONE=TRUE
Executing : def_port {err_flag_led} LOC=A2 VCCIO=3.3 IOSTANDARD=LVCMOS33 DRIVE=8 SLEW=FAST NONE=TRUE successfully
Executing : def_port {heart_beat_led} LOC=B3 VCCIO=3.3 IOSTANDARD=LVCMOS33 DRIVE=8 SLEW=FAST NONE=TRUE
Executing : def_port {heart_beat_led} LOC=B3 VCCIO=3.3 IOSTANDARD=LVCMOS33 DRIVE=8 SLEW=FAST NONE=TRUE successfully
Executing : def_port {mem_a[0]} LOC=N6 VCCIO=1.5 IOSTANDARD=HSTL15_I DRIVE=8 SLEW=FAST UNUSED=TRUE
Executing : def_port {mem_a[0]} LOC=N6 VCCIO=1.5 IOSTANDARD=HSTL15_I DRIVE=8 SLEW=FAST UNUSED=TRUE successfully
Executing : def_port {mem_a[1]} LOC=R4 VCCIO=1.5 IOSTANDARD=HSTL15_I DRIVE=8 SLEW=FAST UNUSED=TRUE
Executing : def_port {mem_a[1]} LOC=R4 VCCIO=1.5 IOSTANDARD=HSTL15_I DRIVE=8 SLEW=FAST UNUSED=TRUE successfully
Executing : def_port {mem_a[2]} LOC=P6 VCCIO=1.5 IOSTANDARD=HSTL15_I DRIVE=8 SLEW=FAST UNUSED=TRUE
Executing : def_port {mem_a[2]} LOC=P6 VCCIO=1.5 IOSTANDARD=HSTL15_I DRIVE=8 SLEW=FAST UNUSED=TRUE successfully
Executing : def_port {mem_a[3]} LOC=F3 VCCIO=1.5 IOSTANDARD=HSTL15_I DRIVE=8 SLEW=FAST UNUSED=TRUE
Executing : def_port {mem_a[3]} LOC=F3 VCCIO=1.5 IOSTANDARD=HSTL15_I DRIVE=8 SLEW=FAST UNUSED=TRUE successfully
Executing : def_port {mem_a[4]} LOC=V5 VCCIO=1.5 IOSTANDARD=HSTL15_I DRIVE=8 SLEW=FAST UNUSED=TRUE
Executing : def_port {mem_a[4]} LOC=V5 VCCIO=1.5 IOSTANDARD=HSTL15_I DRIVE=8 SLEW=FAST UNUSED=TRUE successfully
Executing : def_port {mem_a[5]} LOC=E4 VCCIO=1.5 IOSTANDARD=HSTL15_I DRIVE=8 SLEW=FAST UNUSED=TRUE
Executing : def_port {mem_a[5]} LOC=E4 VCCIO=1.5 IOSTANDARD=HSTL15_I DRIVE=8 SLEW=FAST UNUSED=TRUE successfully
Executing : def_port {mem_a[6]} LOC=V3 VCCIO=1.5 IOSTANDARD=HSTL15_I DRIVE=8 SLEW=FAST UNUSED=TRUE
Executing : def_port {mem_a[6]} LOC=V3 VCCIO=1.5 IOSTANDARD=HSTL15_I DRIVE=8 SLEW=FAST UNUSED=TRUE successfully
Executing : def_port {mem_a[7]} LOC=D2 VCCIO=1.5 IOSTANDARD=HSTL15_I DRIVE=8 SLEW=FAST UNUSED=TRUE
Executing : def_port {mem_a[7]} LOC=D2 VCCIO=1.5 IOSTANDARD=HSTL15_I DRIVE=8 SLEW=FAST UNUSED=TRUE successfully
Executing : def_port {mem_a[8]} LOC=U4 VCCIO=1.5 IOSTANDARD=HSTL15_I DRIVE=8 SLEW=FAST UNUSED=TRUE
Executing : def_port {mem_a[8]} LOC=U4 VCCIO=1.5 IOSTANDARD=HSTL15_I DRIVE=8 SLEW=FAST UNUSED=TRUE successfully
Executing : def_port {mem_a[9]} LOC=P5 VCCIO=1.5 IOSTANDARD=HSTL15_I DRIVE=8 SLEW=FAST UNUSED=TRUE
Executing : def_port {mem_a[9]} LOC=P5 VCCIO=1.5 IOSTANDARD=HSTL15_I DRIVE=8 SLEW=FAST UNUSED=TRUE successfully
Executing : def_port {mem_a[10]} LOC=P8 VCCIO=1.5 IOSTANDARD=HSTL15_I DRIVE=8 SLEW=FAST UNUSED=TRUE
Executing : def_port {mem_a[10]} LOC=P8 VCCIO=1.5 IOSTANDARD=HSTL15_I DRIVE=8 SLEW=FAST UNUSED=TRUE successfully
Executing : def_port {mem_a[11]} LOC=T4 VCCIO=1.5 IOSTANDARD=HSTL15_I DRIVE=8 SLEW=FAST UNUSED=TRUE
Executing : def_port {mem_a[11]} LOC=T4 VCCIO=1.5 IOSTANDARD=HSTL15_I DRIVE=8 SLEW=FAST UNUSED=TRUE successfully
Executing : def_port {mem_a[12]} LOC=P7 VCCIO=1.5 IOSTANDARD=HSTL15_I DRIVE=8 SLEW=FAST UNUSED=TRUE
Executing : def_port {mem_a[12]} LOC=P7 VCCIO=1.5 IOSTANDARD=HSTL15_I DRIVE=8 SLEW=FAST UNUSED=TRUE successfully
Executing : def_port {mem_a[13]} LOC=P4 VCCIO=1.5 IOSTANDARD=HSTL15_I DRIVE=8 SLEW=FAST UNUSED=TRUE
Executing : def_port {mem_a[13]} LOC=P4 VCCIO=1.5 IOSTANDARD=HSTL15_I DRIVE=8 SLEW=FAST UNUSED=TRUE successfully
Executing : def_port {mem_a[14]} LOC=T3 VCCIO=1.5 IOSTANDARD=HSTL15_I DRIVE=8 SLEW=FAST UNUSED=TRUE
Executing : def_port {mem_a[14]} LOC=T3 VCCIO=1.5 IOSTANDARD=HSTL15_I DRIVE=8 SLEW=FAST UNUSED=TRUE successfully
Executing : def_port {mem_ba[0]} LOC=F5 VCCIO=1.5 IOSTANDARD=HSTL15_I DRIVE=8 SLEW=FAST UNUSED=TRUE
Executing : def_port {mem_ba[0]} LOC=F5 VCCIO=1.5 IOSTANDARD=HSTL15_I DRIVE=8 SLEW=FAST UNUSED=TRUE successfully
Executing : def_port {mem_ba[1]} LOC=W4 VCCIO=1.5 IOSTANDARD=HSTL15_I DRIVE=8 SLEW=FAST UNUSED=TRUE
Executing : def_port {mem_ba[1]} LOC=W4 VCCIO=1.5 IOSTANDARD=HSTL15_I DRIVE=8 SLEW=FAST UNUSED=TRUE successfully
Executing : def_port {mem_ba[2]} LOC=N7 VCCIO=1.5 IOSTANDARD=HSTL15_I DRIVE=8 SLEW=FAST UNUSED=TRUE
Executing : def_port {mem_ba[2]} LOC=N7 VCCIO=1.5 IOSTANDARD=HSTL15_I DRIVE=8 SLEW=FAST UNUSED=TRUE successfully
Executing : def_port {mem_cas_n} LOC=H8 VCCIO=1.5 IOSTANDARD=HSTL15_I DRIVE=8 SLEW=FAST NONE=TRUE
Executing : def_port {mem_cas_n} LOC=H8 VCCIO=1.5 IOSTANDARD=HSTL15_I DRIVE=8 SLEW=FAST NONE=TRUE successfully
Executing : def_port {mem_ck} LOC=T6 VCCIO=1.5 IOSTANDARD=HSTL15D_I DRIVE=8 SLEW=FAST NONE=TRUE
Executing : def_port {mem_ck} LOC=T6 VCCIO=1.5 IOSTANDARD=HSTL15D_I DRIVE=8 SLEW=FAST NONE=TRUE successfully
Executing : def_port {mem_ck_n} LOC=T5 VCCIO=1.5 IOSTANDARD=HSTL15D_I DRIVE=8 SLEW=FAST NONE=TRUE
Executing : def_port {mem_ck_n} LOC=T5 VCCIO=1.5 IOSTANDARD=HSTL15D_I DRIVE=8 SLEW=FAST NONE=TRUE successfully
Executing : def_port {mem_cke} LOC=Y3 VCCIO=1.5 IOSTANDARD=HSTL15_I DRIVE=8 SLEW=FAST NONE=TRUE
Executing : def_port {mem_cke} LOC=Y3 VCCIO=1.5 IOSTANDARD=HSTL15_I DRIVE=8 SLEW=FAST NONE=TRUE successfully
Executing : def_port {mem_cs_n} LOC=G6 VCCIO=1.5 IOSTANDARD=HSTL15_I DRIVE=8 SLEW=FAST NONE=TRUE
Executing : def_port {mem_cs_n} LOC=G6 VCCIO=1.5 IOSTANDARD=HSTL15_I DRIVE=8 SLEW=FAST NONE=TRUE successfully
Executing : def_port {mem_dm[0]} LOC=W3 VCCIO=1.5 IOSTANDARD=HSTL15_I DRIVE=8 SLEW=FAST NONE=TRUE
Executing : def_port {mem_dm[0]} LOC=W3 VCCIO=1.5 IOSTANDARD=HSTL15_I DRIVE=8 SLEW=FAST NONE=TRUE successfully
Executing : def_port {mem_dm[1]} LOC=L1 VCCIO=1.5 IOSTANDARD=HSTL15_I DRIVE=8 SLEW=FAST NONE=TRUE
Executing : def_port {mem_dm[1]} LOC=L1 VCCIO=1.5 IOSTANDARD=HSTL15_I DRIVE=8 SLEW=FAST NONE=TRUE successfully
Executing : def_port {mem_dm[2]} LOC=K2 VCCIO=1.5 IOSTANDARD=HSTL15_I DRIVE=8 SLEW=FAST NONE=TRUE
Executing : def_port {mem_dm[2]} LOC=K2 VCCIO=1.5 IOSTANDARD=HSTL15_I DRIVE=8 SLEW=FAST NONE=TRUE successfully
Executing : def_port {mem_dm[3]} LOC=G1 VCCIO=1.5 IOSTANDARD=HSTL15_I DRIVE=8 SLEW=FAST NONE=TRUE
Executing : def_port {mem_dm[3]} LOC=G1 VCCIO=1.5 IOSTANDARD=HSTL15_I DRIVE=8 SLEW=FAST NONE=TRUE successfully
Executing : def_port {mem_odt} LOC=G7 VCCIO=1.5 IOSTANDARD=HSTL15_I DRIVE=8 SLEW=FAST NONE=TRUE
Executing : def_port {mem_odt} LOC=G7 VCCIO=1.5 IOSTANDARD=HSTL15_I DRIVE=8 SLEW=FAST NONE=TRUE successfully
Executing : def_port {mem_ras_n} LOC=J7 VCCIO=1.5 IOSTANDARD=HSTL15_I DRIVE=8 SLEW=FAST NONE=TRUE
Executing : def_port {mem_ras_n} LOC=J7 VCCIO=1.5 IOSTANDARD=HSTL15_I DRIVE=8 SLEW=FAST NONE=TRUE successfully
Executing : def_port {mem_rst_n} LOC=C1 VCCIO=1.5 IOSTANDARD=HSTL15_I DRIVE=8 SLEW=FAST NONE=TRUE
Executing : def_port {mem_rst_n} LOC=C1 VCCIO=1.5 IOSTANDARD=HSTL15_I DRIVE=8 SLEW=FAST NONE=TRUE successfully
Executing : def_port {mem_we_n} LOC=H6 VCCIO=1.5 IOSTANDARD=HSTL15_I DRIVE=8 SLEW=FAST NONE=TRUE
Executing : def_port {mem_we_n} LOC=H6 VCCIO=1.5 IOSTANDARD=HSTL15_I DRIVE=8 SLEW=FAST NONE=TRUE successfully
Executing : def_port {pll_lock} LOC=A3 VCCIO=3.3 IOSTANDARD=LVCMOS33 DRIVE=8 SLEW=FAST NONE=TRUE
Executing : def_port {pll_lock} LOC=A3 VCCIO=3.3 IOSTANDARD=LVCMOS33 DRIVE=8 SLEW=FAST NONE=TRUE successfully
Executing : def_port {uart_txd} LOC=R9 VCCIO=1.2 IOSTANDARD=LVCMOS12 DRIVE=2 SLEW=SLOW NONE=TRUE
Executing : def_port {uart_txd} LOC=R9 VCCIO=1.2 IOSTANDARD=LVCMOS12 DRIVE=2 SLEW=SLOW NONE=TRUE successfully
Executing : def_port {ref_clk} LOC=P20 VCCIO=1.2 IOSTANDARD=LVCMOS12 NONE=TRUE
Executing : def_port {ref_clk} LOC=P20 VCCIO=1.2 IOSTANDARD=LVCMOS12 NONE=TRUE successfully
Executing : def_port {rst_board} LOC=K18 VCCIO=1.2 IOSTANDARD=LVCMOS12 NONE=TRUE
C: ConstraintEditor-2002: [D:/Files/Pango/lite/ddr3_test/pnr/ipcore/axi_ddr/pnr/device_map/test_ddr.pcf(line number: 80)] | Port rst_board has been placed at location K18, whose type is share pin.
Executing : def_port {rst_board} LOC=K18 VCCIO=1.2 IOSTANDARD=LVCMOS12 NONE=TRUE successfully
Executing : def_port {uart_rxd} LOC=R8 VCCIO=1.2 IOSTANDARD=LVCMOS12 NONE=TRUE
Executing : def_port {uart_rxd} LOC=R8 VCCIO=1.2 IOSTANDARD=LVCMOS12 NONE=TRUE successfully
Executing : def_inst_site {I_ipsxb_ddr_top/u_ddrphy_top/ddrphy_reset_ctrl/ddrphy_ioclk_gate/opit_0_inv_L5Q} CLMA_150_192 FF3
Executing : def_inst_site {I_ipsxb_ddr_top/u_ddrphy_top/ddrphy_reset_ctrl/ddrphy_ioclk_gate/opit_0_inv_L5Q} CLMA_150_192 FF3 successfully
Executing : def_inst_site {I_ipsxb_ddr_top/u_ipsxb_ddrphy_pll_0/u_pll_e3/goppll} PLL_158_199
Executing : def_inst_site {I_ipsxb_ddr_top/u_ipsxb_ddrphy_pll_0/u_pll_e3/goppll} PLL_158_199 successfully
Executing : def_inst_site {I_ipsxb_ddr_top/u_ipsxb_ddrphy_pll_1/u_pll_e3/goppll} PLL_158_179
Executing : def_inst_site {I_ipsxb_ddr_top/u_ipsxb_ddrphy_pll_1/u_pll_e3/goppll} PLL_158_179 successfully
Constraint check end.
I: Column Clock Check open.
Read Column Clock Map.

Placement started.
Phase 1 Pre global placement started.
Mapping instance I_ipsxb_ddr_top/u_ddrphy_top/ddrphy_slice_top/i_ca_group[0].u_ddc_ca/opit_0 to DQSL_6_28.
Mapping instance I_ipsxb_ddr_top/u_ddrphy_top/ddrphy_slice_top/i_ca_group[1].u_ddc_ca/opit_0 to DQSL_6_348.
Mapping instance I_ipsxb_ddr_top/u_ddrphy_top/ddrphy_slice_top/i_ca_group[2].u_ddc_ca/opit_0 to DQSL_6_100.
Mapping instance I_ipsxb_ddr_top/u_ddrphy_top/ddrphy_slice_top/i_ca_group[3].u_ddc_ca/opit_0 to DQSL_6_304.
Mapping instance I_ipsxb_ddr_top/u_ddrphy_top/ddrphy_slice_top/i_dqs_group[0].u_ddrphy_data_slice/u_ddc_dqs/opit_0 to DQSL_6_152.
Mapping instance I_ipsxb_ddr_top/u_ddrphy_top/ddrphy_slice_top/i_dqs_group[1].u_ddrphy_data_slice/u_ddc_dqs/opit_0 to DQSL_6_180.
Mapping instance I_ipsxb_ddr_top/u_ddrphy_top/ddrphy_slice_top/i_dqs_group[2].u_ddrphy_data_slice/u_ddc_dqs/opit_0 to DQSL_6_224.
Mapping instance I_ipsxb_ddr_top/u_ddrphy_top/ddrphy_slice_top/i_dqs_group[3].u_ddrphy_data_slice/u_ddc_dqs/opit_0 to DQSL_6_276.
Phase 1.1 1st GP placement started.
Design Utilization : 21%.
First map gop timing takes 0.11 sec
Worst slack after clock region global placement is 323
Wirelength after clock region global placement is 79752.
1st GP placement takes 4.64 sec.

Phase 1.2 Clock placement started.
Mapping instance I_ipsxb_ddr_top/I_GTP_IOCLKBUF_1/gopclkgate to IOCKGATE_6_188.
Mapping instance I_ipsxb_ddr_top/I_GTP_IOCLKBUF_0/gopclkgate to IOCKGATE_6_312.
Mapping instance I_ipsxb_ddr_top/I_GTP_IOCLKBUF_2/gopclkgate to IOCKGATE_6_64.
Mapping instance I_ipsxb_ddr_top/I_GTP_CLKDIV/gopclkdiv to IOCKDIV_6_323.
Mapping instance clkbufg_0/gopclkbufg to USCM_84_111.
Mapping instance clkgate_1/gopclkgate to IOCKGATE_6_322.
Mapping instance free_clk_ibufg/gopclkbufg to USCM_84_108.
Mapping instance I_ipsxb_ddr_top/u_clkbufg/gopclkbufg to USCM_84_109.
Mapping instance I_ipsxb_ddr_top/u_clkbufg_gate/gopclkbufg to USCM_84_110.
Clock placement takes 0.22 sec.

Pre global placement takes 5.28 sec.

Phase 2 Global placement started.
Phase 2.1 Fixed placement started.
Placed fixed group with base inst I_ipsxb_ddr_top/u_ddrphy_top/ddrphy_slice_top/i_dqs_group[0].u_ddrphy_data_slice/dq_loop[0].DQ0_GTP_ISERDES/gateop_a_IO on IOL_7_162.
Placed fixed group with base inst I_ipsxb_ddr_top/u_ddrphy_top/ddrphy_slice_top/i_dqs_group[0].u_ddrphy_data_slice/dq_loop[1].DQ0_GTP_ISERDES/gateop_a_IO on IOL_7_161.
Placed fixed group with base inst I_ipsxb_ddr_top/u_ddrphy_top/ddrphy_slice_top/i_dqs_group[0].u_ddrphy_data_slice/dq_loop[2].DQ0_GTP_ISERDES/gateop_a_IO on IOL_7_165.
Placed fixed group with base inst I_ipsxb_ddr_top/u_ddrphy_top/ddrphy_slice_top/i_dqs_group[0].u_ddrphy_data_slice/dq_loop[3].DQ0_GTP_ISERDES/gateop_a_IO on IOL_7_141.
Placed fixed group with base inst I_ipsxb_ddr_top/u_ddrphy_top/ddrphy_slice_top/i_dqs_group[0].u_ddrphy_data_slice/dq_loop[4].DQ0_GTP_ISERDES/gateop_a_IO on IOL_7_166.
Placed fixed group with base inst I_ipsxb_ddr_top/u_ddrphy_top/ddrphy_slice_top/i_dqs_group[0].u_ddrphy_data_slice/dq_loop[5].DQ0_GTP_ISERDES/gateop_a_IO on IOL_7_142.
Placed fixed group with base inst I_ipsxb_ddr_top/u_ddrphy_top/ddrphy_slice_top/i_dqs_group[0].u_ddrphy_data_slice/dq_loop[6].DQ0_GTP_ISERDES/gateop_a_IO on IOL_7_137.
Placed fixed group with base inst I_ipsxb_ddr_top/u_ddrphy_top/ddrphy_slice_top/i_dqs_group[0].u_ddrphy_data_slice/dq_loop[7].DQ0_GTP_ISERDES/gateop_a_IO on IOL_7_146.
Placed fixed group with base inst I_ipsxb_ddr_top/u_ddrphy_top/ddrphy_slice_top/i_dqs_group[0].u_ddrphy_data_slice/u_iobufco_dqs/opit_2_O on IOL_7_149.
Placed fixed group with base inst I_ipsxb_ddr_top/u_ddrphy_top/ddrphy_slice_top/i_dqs_group[0].u_ddrphy_data_slice/u_outbuft_dm/opit_1_IOL on IOL_7_145.
Placed fixed group with base inst I_ipsxb_ddr_top/u_ddrphy_top/ddrphy_slice_top/i_dqs_group[1].u_ddrphy_data_slice/dq_loop[0].DQ0_GTP_ISERDES/gateop_a_IO on IOL_7_174.
Placed fixed group with base inst I_ipsxb_ddr_top/u_ddrphy_top/ddrphy_slice_top/i_dqs_group[1].u_ddrphy_data_slice/dq_loop[1].DQ0_GTP_ISERDES/gateop_a_IO on IOL_7_201.
Placed fixed group with base inst I_ipsxb_ddr_top/u_ddrphy_top/ddrphy_slice_top/i_dqs_group[1].u_ddrphy_data_slice/dq_loop[2].DQ0_GTP_ISERDES/gateop_a_IO on IOL_7_170.
Placed fixed group with base inst I_ipsxb_ddr_top/u_ddrphy_top/ddrphy_slice_top/i_dqs_group[1].u_ddrphy_data_slice/dq_loop[3].DQ0_GTP_ISERDES/gateop_a_IO on IOL_7_202.
Placed fixed group with base inst I_ipsxb_ddr_top/u_ddrphy_top/ddrphy_slice_top/i_dqs_group[1].u_ddrphy_data_slice/dq_loop[4].DQ0_GTP_ISERDES/gateop_a_IO on IOL_7_173.
Placed fixed group with base inst I_ipsxb_ddr_top/u_ddrphy_top/ddrphy_slice_top/i_dqs_group[1].u_ddrphy_data_slice/dq_loop[5].DQ0_GTP_ISERDES/gateop_a_IO on IOL_7_205.
Placed fixed group with base inst I_ipsxb_ddr_top/u_ddrphy_top/ddrphy_slice_top/i_dqs_group[1].u_ddrphy_data_slice/dq_loop[6].DQ0_GTP_ISERDES/gateop_a_IO on IOL_7_209.
Placed fixed group with base inst I_ipsxb_ddr_top/u_ddrphy_top/ddrphy_slice_top/i_dqs_group[1].u_ddrphy_data_slice/dq_loop[7].DQ0_GTP_ISERDES/gateop_a_IO on IOL_7_210.
Placed fixed group with base inst I_ipsxb_ddr_top/u_ddrphy_top/ddrphy_slice_top/i_dqs_group[1].u_ddrphy_data_slice/u_iobufco_dqs/opit_2_O on IOL_7_177.
Placed fixed group with base inst I_ipsxb_ddr_top/u_ddrphy_top/ddrphy_slice_top/i_dqs_group[1].u_ddrphy_data_slice/u_outbuft_dm/opit_1_IOL on IOL_7_206.
Placed fixed group with base inst I_ipsxb_ddr_top/u_ddrphy_top/ddrphy_slice_top/i_dqs_group[2].u_ddrphy_data_slice/dq_loop[0].DQ0_GTP_ISERDES/gateop_a_IO on IOL_7_233.
Placed fixed group with base inst I_ipsxb_ddr_top/u_ddrphy_top/ddrphy_slice_top/i_dqs_group[2].u_ddrphy_data_slice/dq_loop[1].DQ0_GTP_ISERDES/gateop_a_IO on IOL_7_238.
Placed fixed group with base inst I_ipsxb_ddr_top/u_ddrphy_top/ddrphy_slice_top/i_dqs_group[2].u_ddrphy_data_slice/dq_loop[2].DQ0_GTP_ISERDES/gateop_a_IO on IOL_7_241.
Placed fixed group with base inst I_ipsxb_ddr_top/u_ddrphy_top/ddrphy_slice_top/i_dqs_group[2].u_ddrphy_data_slice/dq_loop[3].DQ0_GTP_ISERDES/gateop_a_IO on IOL_7_218.
Placed fixed group with base inst I_ipsxb_ddr_top/u_ddrphy_top/ddrphy_slice_top/i_dqs_group[2].u_ddrphy_data_slice/dq_loop[4].DQ0_GTP_ISERDES/gateop_a_IO on IOL_7_234.
Placed fixed group with base inst I_ipsxb_ddr_top/u_ddrphy_top/ddrphy_slice_top/i_dqs_group[2].u_ddrphy_data_slice/dq_loop[5].DQ0_GTP_ISERDES/gateop_a_IO on IOL_7_217.
Placed fixed group with base inst I_ipsxb_ddr_top/u_ddrphy_top/ddrphy_slice_top/i_dqs_group[2].u_ddrphy_data_slice/dq_loop[6].DQ0_GTP_ISERDES/gateop_a_IO on IOL_7_242.
Placed fixed group with base inst I_ipsxb_ddr_top/u_ddrphy_top/ddrphy_slice_top/i_dqs_group[2].u_ddrphy_data_slice/dq_loop[7].DQ0_GTP_ISERDES/gateop_a_IO on IOL_7_214.
Placed fixed group with base inst I_ipsxb_ddr_top/u_ddrphy_top/ddrphy_slice_top/i_dqs_group[2].u_ddrphy_data_slice/u_iobufco_dqs/opit_2_O on IOL_7_229.
Placed fixed group with base inst I_ipsxb_ddr_top/u_ddrphy_top/ddrphy_slice_top/i_dqs_group[2].u_ddrphy_data_slice/u_outbuft_dm/opit_1_IOL on IOL_7_237.
Placed fixed group with base inst I_ipsxb_ddr_top/u_ddrphy_top/ddrphy_slice_top/i_dqs_group[3].u_ddrphy_data_slice/dq_loop[0].DQ0_GTP_ISERDES/gateop_a_IO on IOL_7_285.
Placed fixed group with base inst I_ipsxb_ddr_top/u_ddrphy_top/ddrphy_slice_top/i_dqs_group[3].u_ddrphy_data_slice/dq_loop[1].DQ0_GTP_ISERDES/gateop_a_IO on IOL_7_270.
Placed fixed group with base inst I_ipsxb_ddr_top/u_ddrphy_top/ddrphy_slice_top/i_dqs_group[3].u_ddrphy_data_slice/dq_loop[2].DQ0_GTP_ISERDES/gateop_a_IO on IOL_7_289.
Placed fixed group with base inst I_ipsxb_ddr_top/u_ddrphy_top/ddrphy_slice_top/i_dqs_group[3].u_ddrphy_data_slice/dq_loop[3].DQ0_GTP_ISERDES/gateop_a_IO on IOL_7_269.
Placed fixed group with base inst I_ipsxb_ddr_top/u_ddrphy_top/ddrphy_slice_top/i_dqs_group[3].u_ddrphy_data_slice/dq_loop[4].DQ0_GTP_ISERDES/gateop_a_IO on IOL_7_286.
Placed fixed group with base inst I_ipsxb_ddr_top/u_ddrphy_top/ddrphy_slice_top/i_dqs_group[3].u_ddrphy_data_slice/dq_loop[5].DQ0_GTP_ISERDES/gateop_a_IO on IOL_7_262.
Placed fixed group with base inst I_ipsxb_ddr_top/u_ddrphy_top/ddrphy_slice_top/i_dqs_group[3].u_ddrphy_data_slice/dq_loop[6].DQ0_GTP_ISERDES/gateop_a_IO on IOL_7_261.
Placed fixed group with base inst I_ipsxb_ddr_top/u_ddrphy_top/ddrphy_slice_top/i_dqs_group[3].u_ddrphy_data_slice/dq_loop[7].DQ0_GTP_ISERDES/gateop_a_IO on IOL_7_265.
Placed fixed group with base inst I_ipsxb_ddr_top/u_ddrphy_top/ddrphy_slice_top/i_dqs_group[3].u_ddrphy_data_slice/u_iobufco_dqs/opit_2_O on IOL_7_273.
Placed fixed group with base inst I_ipsxb_ddr_top/u_ddrphy_top/ddrphy_slice_top/i_dqs_group[3].u_ddrphy_data_slice/u_outbuft_dm/opit_1_IOL on IOL_7_266.
Placed fixed group with base inst I_ipsxb_ddr_top/u_ddrphy_top/ddrphy_slice_top/u_outbuft_addr_0/opit_1_IOL on IOL_7_93.
Placed fixed group with base inst I_ipsxb_ddr_top/u_ddrphy_top/ddrphy_slice_top/u_outbuft_addr_1/opit_1_IOL on IOL_7_122.
Placed fixed group with base inst I_ipsxb_ddr_top/u_ddrphy_top/ddrphy_slice_top/u_outbuft_addr_2/opit_1_IOL on IOL_7_117.
Placed fixed group with base inst I_ipsxb_ddr_top/u_ddrphy_top/ddrphy_slice_top/u_outbuft_addr_3/opit_1_IOL on IOL_7_297.
Placed fixed group with base inst I_ipsxb_ddr_top/u_ddrphy_top/ddrphy_slice_top/u_outbuft_addr_4/opit_1_IOL on IOL_7_37.
Placed fixed group with base inst I_ipsxb_ddr_top/u_ddrphy_top/ddrphy_slice_top/u_outbuft_addr_5/opit_1_IOL on IOL_7_298.
Placed fixed group with base inst I_ipsxb_ddr_top/u_ddrphy_top/ddrphy_slice_top/u_outbuft_addr_6/opit_1_IOL on IOL_7_38.
Placed fixed group with base inst I_ipsxb_ddr_top/u_ddrphy_top/ddrphy_slice_top/u_outbuft_addr_7/opit_1_IOL on IOL_7_293.
Placed fixed group with base inst I_ipsxb_ddr_top/u_ddrphy_top/ddrphy_slice_top/u_outbuft_addr_8/opit_1_IOL on IOL_7_113.
Placed fixed group with base inst I_ipsxb_ddr_top/u_ddrphy_top/ddrphy_slice_top/u_outbuft_addr_9/opit_1_IOL on IOL_7_41.
Placed fixed group with base inst I_ipsxb_ddr_top/u_ddrphy_top/ddrphy_slice_top/u_outbuft_addr_10/opit_1_IOL on IOL_7_18.
Placed fixed group with base inst I_ipsxb_ddr_top/u_ddrphy_top/ddrphy_slice_top/u_outbuft_addr_11/opit_1_IOL on IOL_7_114.
Placed fixed group with base inst I_ipsxb_ddr_top/u_ddrphy_top/ddrphy_slice_top/u_outbuft_addr_12/opit_1_IOL on IOL_7_118.
Placed fixed group with base inst I_ipsxb_ddr_top/u_ddrphy_top/ddrphy_slice_top/u_outbuft_addr_13/opit_1_IOL on IOL_7_42.
Placed fixed group with base inst I_ipsxb_ddr_top/u_ddrphy_top/ddrphy_slice_top/u_outbuft_addr_14/opit_1_IOL on IOL_7_121.
Placed fixed group with base inst I_ipsxb_ddr_top/u_ddrphy_top/ddrphy_slice_top/u_outbuft_ba0/opit_1_IOL on IOL_7_365.
Placed fixed group with base inst I_ipsxb_ddr_top/u_ddrphy_top/ddrphy_slice_top/u_outbuft_ba1/opit_1_IOL on IOL_7_21.
Placed fixed group with base inst I_ipsxb_ddr_top/u_ddrphy_top/ddrphy_slice_top/u_outbuft_ba2/opit_1_IOL on IOL_7_94.
Placed fixed group with base inst I_ipsxb_ddr_top/u_ddrphy_top/ddrphy_slice_top/u_outbuft_casn/opit_1_IOL on IOL_7_362.
Placed fixed group with base inst I_ipsxb_ddr_top/u_ddrphy_top/ddrphy_slice_top/u_outbuft_cke/opit_1_IOL on IOL_7_22.
Placed fixed group with base inst I_ipsxb_ddr_top/u_ddrphy_top/ddrphy_slice_top/u_outbuft_csn/opit_1_IOL on IOL_7_366.
Placed fixed group with base inst I_ipsxb_ddr_top/u_ddrphy_top/ddrphy_slice_top/u_outbuft_odt/opit_1_IOL on IOL_7_358.
Placed fixed group with base inst I_ipsxb_ddr_top/u_ddrphy_top/ddrphy_slice_top/u_outbuft_rasn/opit_1_IOL on IOL_7_361.
Placed fixed group with base inst I_ipsxb_ddr_top/u_ddrphy_top/ddrphy_slice_top/u_outbuft_wen/opit_1_IOL on IOL_7_357.
Placed fixed group with base inst I_ipsxb_ddr_top/u_ddrphy_top/ddrphy_slice_top/u_outbuftco_ck/opit_3_IOL on IOL_7_25.
Placed fixed group with base inst ddr_init_done_obuf/opit_1 on IOL_19_374.
Placed fixed group with base inst err_flag_led_obuf/opit_1 on IOL_19_373.
Placed fixed group with base inst heart_beat_led_obuf/opit_1 on IOL_35_374.
Placed fixed group with base inst mem_rst_n_obuf/opit_1 on IOL_7_369.
Placed fixed group with base inst pll_lock_obuf/opit_1 on IOL_35_373.
Placed fixed group with base inst ref_clk_ibuf/opit_1 on IOL_327_210.
Placed fixed group with base inst rst_board_ibuf/opit_1 on IOL_327_257.
Placed fixed group with base inst uart_rxd_ibuf/opit_1 on IOL_43_5.
Placed fixed group with base inst uart_txd_obuf/opit_1 on IOL_43_6.
Placed fixed instance I_ipsxb_ddr_top/u_ddrphy_top/ddrphy_reset_ctrl/ddrphy_ioclk_gate/opit_0_inv_L5Q on CLMA_150_192.
Placed fixed instance I_ipsxb_ddr_top/I_GTP_CLKDIV/gopclkdiv on IOCKDIV_6_323.
Placed fixed instance I_ipsxb_ddr_top/I_GTP_IOCLKBUF_0/gopclkgate on IOCKGATE_6_312.
Placed fixed instance I_ipsxb_ddr_top/I_GTP_IOCLKBUF_1/gopclkgate on IOCKGATE_6_188.
Placed fixed instance I_ipsxb_ddr_top/I_GTP_IOCLKBUF_2/gopclkgate on IOCKGATE_6_64.
Placed fixed instance I_ipsxb_ddr_top/u_clkbufg/gopclkbufg on USCM_84_109.
Placed fixed instance I_ipsxb_ddr_top/u_clkbufg_gate/gopclkbufg on USCM_84_110.
Placed fixed instance I_ipsxb_ddr_top/u_ddrphy_top/ddrphy_slice_top/i_ca_group[0].u_ddc_ca/opit_0 on DQSL_6_28.
Placed fixed instance I_ipsxb_ddr_top/u_ddrphy_top/ddrphy_slice_top/i_ca_group[1].u_ddc_ca/opit_0 on DQSL_6_348.
Placed fixed instance I_ipsxb_ddr_top/u_ddrphy_top/ddrphy_slice_top/i_ca_group[2].u_ddc_ca/opit_0 on DQSL_6_100.
Placed fixed instance I_ipsxb_ddr_top/u_ddrphy_top/ddrphy_slice_top/i_ca_group[3].u_ddc_ca/opit_0 on DQSL_6_304.
Placed fixed instance I_ipsxb_ddr_top/u_ddrphy_top/ddrphy_slice_top/i_dqs_group[0].u_ddrphy_data_slice/u_ddc_dqs/opit_0 on DQSL_6_152.
Placed fixed instance I_ipsxb_ddr_top/u_ddrphy_top/ddrphy_slice_top/i_dqs_group[1].u_ddrphy_data_slice/u_ddc_dqs/opit_0 on DQSL_6_180.
Placed fixed instance I_ipsxb_ddr_top/u_ddrphy_top/ddrphy_slice_top/i_dqs_group[2].u_ddrphy_data_slice/u_ddc_dqs/opit_0 on DQSL_6_224.
Placed fixed instance I_ipsxb_ddr_top/u_ddrphy_top/ddrphy_slice_top/i_dqs_group[3].u_ddrphy_data_slice/u_ddc_dqs/opit_0 on DQSL_6_276.
Placed fixed instance I_ipsxb_ddr_top/u_ipsxb_ddrphy_pll_0/u_pll_e3/goppll on PLL_158_199.
Placed fixed instance I_ipsxb_ddr_top/u_ipsxb_ddrphy_pll_1/u_pll_e3/goppll on PLL_158_179.
Placed fixed instance clkbufg_0/gopclkbufg on USCM_84_111.
Placed fixed instance clkgate_1/gopclkgate on IOCKGATE_6_322.
Placed fixed instance free_clk_ibufg/gopclkbufg on USCM_84_108.
Placed fixed instance BKCL_auto_0 on BKCL_188_376.
Placed fixed instance BKCL_auto_1 on BKCL_328_184.
Placed fixed instance BKCL_auto_2 on BKCL_192_0.
Placed fixed instance BKCL_auto_3 on BKCL_0_184.
Fixed placement takes 0.16 sec.

Phase 2.2 Process placement started.
Placed instance I_ipsxb_ddr_top/u_ddrphy_top/I_GTP_DLL/gopdll(gopDLL) on DLL_7_186, and placed I_ipsxb_ddr_top/u_ddrphy_top/ddrphy_slice_top/i_ca_group[0].u_ddc_ca/opit_0(gopDQS_DDC) on DQSL_6_28.
Placed instance I_ipsxb_ddr_top/u_ddrphy_top/I_GTP_DLL/gopdll(gopDLL) on DLL_7_186, and placed I_ipsxb_ddr_top/u_ddrphy_top/ddrphy_slice_top/i_ca_group[1].u_ddc_ca/opit_0(gopDQS_DDC) on DQSL_6_348.
Placed instance I_ipsxb_ddr_top/u_ddrphy_top/I_GTP_DLL/gopdll(gopDLL) on DLL_7_186, and placed I_ipsxb_ddr_top/u_ddrphy_top/ddrphy_slice_top/i_ca_group[2].u_ddc_ca/opit_0(gopDQS_DDC) on DQSL_6_100.
Placed instance I_ipsxb_ddr_top/u_ddrphy_top/I_GTP_DLL/gopdll(gopDLL) on DLL_7_186, and placed I_ipsxb_ddr_top/u_ddrphy_top/ddrphy_slice_top/i_ca_group[3].u_ddc_ca/opit_0(gopDQS_DDC) on DQSL_6_304.
Placed instance I_ipsxb_ddr_top/u_ddrphy_top/I_GTP_DLL/gopdll(gopDLL) on DLL_7_186, and placed I_ipsxb_ddr_top/u_ddrphy_top/ddrphy_slice_top/i_dqs_group[0].u_ddrphy_data_slice/u_ddc_dqs/opit_0(gopDQS_DDC) on DQSL_6_152.
Placed instance I_ipsxb_ddr_top/u_ddrphy_top/I_GTP_DLL/gopdll(gopDLL) on DLL_7_186, and placed I_ipsxb_ddr_top/u_ddrphy_top/ddrphy_slice_top/i_dqs_group[1].u_ddrphy_data_slice/u_ddc_dqs/opit_0(gopDQS_DDC) on DQSL_6_180.
Placed instance I_ipsxb_ddr_top/u_ddrphy_top/I_GTP_DLL/gopdll(gopDLL) on DLL_7_186, and placed I_ipsxb_ddr_top/u_ddrphy_top/ddrphy_slice_top/i_dqs_group[2].u_ddrphy_data_slice/u_ddc_dqs/opit_0(gopDQS_DDC) on DQSL_6_224.
Placed instance I_ipsxb_ddr_top/u_ddrphy_top/I_GTP_DLL/gopdll(gopDLL) on DLL_7_186, and placed I_ipsxb_ddr_top/u_ddrphy_top/ddrphy_slice_top/i_dqs_group[3].u_ddrphy_data_slice/u_ddc_dqs/opit_0(gopDQS_DDC) on DQSL_6_276.
Process placement takes 0.00 sec.

Phase 2.3 IO placement started.
IO placement takes 0.03 sec.

Phase 2.4 2nd GP placement started.
Run super clustering :
	Initial slack -4850.
	14 iterations finished.
	Final slack 491.
Super clustering done.
Design Utilization : 21%.
Worst slack after global placement is 323
2nd GP placement takes 3.80 sec.

Wirelength after global placement is 76834.
Global placement takes 4.00 sec.

Phase 3 Post global placement started.
Phase 3.1 Macro cell placement started.
I: Process macros using "Greedy".
Wirelength after macro cell placement is 76834.
Macro cell placement takes 0.00 sec.

Phase 3.2 3rd GP placement started.
Run super clustering :
	Initial slack -4850.
	14 iterations finished.
	Final slack 491.
Super clustering done.
Design Utilization : 21%.
Worst slack after post global placement is 323
3rd GP placement takes 3.75 sec.

Wirelength after post global placement is 76834.
Post global placement takes 3.75 sec.

Phase 4 Legalization started.
The average distance in LP is 2.003939.
Wirelength after legalization is 149475.
Legalization takes 2.86 sec.

Phase 5 Timing-driven detailed placement started.
Phase 5.1 Replication placement started.
Worst slack before Replication Place is -332.
Replication placement takes 0.33 sec.

Wirelength after replication placement is 149475.
Phase 5.2 DP placement started.
Legalized cost -332.000000.
The detailed placement ends at 1th iteration.
DP placement takes 0.75 sec.

Wirelength after detailed placement is 155498.
Timing-driven detailed placement takes 1.09 sec.

Worst slack is 1649, TNS after placement is 0.
Placement done.
Total placement takes 19.25 sec.
Finished placement.
Executing : def_route -prior_net I_ipsxb_ddr_top/ddrphy_ioclk_gate -load {I_ipsxb_ddr_top/u_ipsxb_ddrphy_pll_0/u_pll_e3/goppll:CLKOUT0_SYN; I_ipsxb_ddr_top/u_ipsxb_ddrphy_pll_1/u_pll_e3/goppll:CLKOUT0_SYN; }
Executing : def_route -prior_net I_ipsxb_ddr_top/ddrphy_ioclk_gate -load {I_ipsxb_ddr_top/u_ipsxb_ddrphy_pll_0/u_pll_e3/goppll:CLKOUT0_SYN; I_ipsxb_ddr_top/u_ipsxb_ddrphy_pll_1/u_pll_e3/goppll:CLKOUT0_SYN; } successfully.

Routing started.
Building routing graph takes 1.09 sec.
Worst slack is 1649, TNS before global route is 0.
Processing design graph takes 0.70 sec.
Total memory for routing:
	125.016130 M.
Total nets for routing : 15534.
Unrouted nets 0 at the end of iteration 0.
Rcf routing step 1 processed 1 nets, it takes 0.00 sec.
Rcf routing step 2 processed 0 nets, it takes 0.00 sec.
Rcf routing step 3 processed 0 nets, it takes 0.00 sec.
Unrouted nets 0 at the end of iteration 0.
Global Routing step 1 processed 71 nets, it takes 0.02 sec.
Unrouted nets 137 at the end of iteration 0.
Unrouted nets 106 at the end of iteration 1.
Unrouted nets 101 at the end of iteration 2.
Unrouted nets 92 at the end of iteration 3.
Unrouted nets 48 at the end of iteration 4.
Unrouted nets 37 at the end of iteration 5.
Unrouted nets 33 at the end of iteration 6.
Unrouted nets 28 at the end of iteration 7.
Unrouted nets 25 at the end of iteration 8.
Unrouted nets 23 at the end of iteration 9.
Unrouted nets 22 at the end of iteration 10.
Unrouted nets 21 at the end of iteration 11.
Unrouted nets 16 at the end of iteration 12.
Unrouted nets 14 at the end of iteration 13.
Unrouted nets 13 at the end of iteration 14.
Unrouted nets 9 at the end of iteration 15.
Unrouted nets 10 at the end of iteration 16.
Unrouted nets 9 at the end of iteration 17.
Unrouted nets 7 at the end of iteration 18.
Unrouted nets 7 at the end of iteration 19.
Unrouted nets 6 at the end of iteration 20.
Unrouted nets 7 at the end of iteration 21.
Unrouted nets 5 at the end of iteration 22.
Unrouted nets 4 at the end of iteration 23.
Unrouted nets 3 at the end of iteration 24.
Unrouted nets 4 at the end of iteration 25.
Unrouted nets 4 at the end of iteration 26.
Unrouted nets 4 at the end of iteration 27.
Unrouted nets 3 at the end of iteration 28.
Unrouted nets 3 at the end of iteration 29.
Unrouted nets 3 at the end of iteration 30.
Unrouted nets 3 at the end of iteration 31.
Unrouted nets 3 at the end of iteration 32.
Unrouted nets 3 at the end of iteration 33.
Unrouted nets 3 at the end of iteration 34.
Unrouted nets 3 at the end of iteration 35.
Unrouted nets 3 at the end of iteration 36.
Unrouted nets 3 at the end of iteration 37.
Unrouted nets 3 at the end of iteration 38.
Unrouted nets 3 at the end of iteration 39.
Unrouted nets 3 at the end of iteration 40.
Unrouted nets 3 at the end of iteration 41.
Unrouted nets 3 at the end of iteration 42.
Unrouted nets 3 at the end of iteration 43.
Unrouted nets 3 at the end of iteration 44.
Unrouted nets 3 at the end of iteration 45.
Unrouted nets 3 at the end of iteration 46.
Unrouted nets 3 at the end of iteration 47.
Unrouted nets 3 at the end of iteration 48.
Unrouted nets 3 at the end of iteration 49.
Unrouted nets 3 at the end of iteration 50.
Unrouted nets 3 at the end of iteration 51.
Unrouted nets 3 at the end of iteration 52.
Unrouted nets 3 at the end of iteration 53.
Unrouted nets 3 at the end of iteration 54.
Unrouted nets 4 at the end of iteration 55.
Unrouted nets 3 at the end of iteration 56.
Unrouted nets 3 at the end of iteration 57.
Unrouted nets 3 at the end of iteration 58.
Unrouted nets 3 at the end of iteration 59.
Unrouted nets 3 at the end of iteration 60.
Unrouted nets 3 at the end of iteration 61.
Unrouted nets 3 at the end of iteration 62.
Unrouted nets 3 at the end of iteration 63.
Unrouted nets 3 at the end of iteration 64.
Unrouted nets 3 at the end of iteration 65.
Unrouted nets 3 at the end of iteration 66.
Unrouted nets 3 at the end of iteration 67.
Unrouted nets 3 at the end of iteration 68.
Unrouted nets 3 at the end of iteration 69.
Unrouted nets 3 at the end of iteration 70.
Unrouted nets 3 at the end of iteration 71.
Unrouted nets 3 at the end of iteration 72.
Unrouted nets 3 at the end of iteration 73.
Unrouted nets 3 at the end of iteration 74.
Unrouted nets 3 at the end of iteration 75.
Unrouted nets 3 at the end of iteration 76.
Unrouted nets 4 at the end of iteration 77.
Unrouted nets 4 at the end of iteration 78.
Unrouted nets 3 at the end of iteration 79.
Unrouted nets 3 at the end of iteration 80.
Unrouted nets 3 at the end of iteration 81.
Unrouted nets 3 at the end of iteration 82.
Unrouted nets 3 at the end of iteration 83.
Unrouted nets 3 at the end of iteration 84.
Unrouted nets 3 at the end of iteration 85.
Unrouted nets 3 at the end of iteration 86.
Unrouted nets 3 at the end of iteration 87.
Unrouted nets 3 at the end of iteration 88.
Unrouted nets 3 at the end of iteration 89.
Unrouted nets 3 at the end of iteration 90.
Unrouted nets 3 at the end of iteration 91.
Unrouted nets 3 at the end of iteration 92.
Unrouted nets 3 at the end of iteration 93.
Unrouted nets 3 at the end of iteration 94.
Unrouted nets 3 at the end of iteration 95.
Unrouted nets 3 at the end of iteration 96.
Unrouted nets 3 at the end of iteration 97.
Unrouted nets 3 at the end of iteration 98.
Unrouted nets 3 at the end of iteration 99.
Unrouted nets 3 at the end of iteration 100.
Unrouted nets 3 at the end of iteration 101.
Unrouted nets 3 at the end of iteration 102.
Unrouted nets 3 at the end of iteration 103.
Unrouted nets 3 at the end of iteration 104.
Unrouted nets 3 at the end of iteration 105.
Unrouted nets 3 at the end of iteration 106.
Unrouted nets 3 at the end of iteration 107.
Unrouted nets 3 at the end of iteration 108.
Unrouted nets 3 at the end of iteration 109.
Unrouted nets 3 at the end of iteration 110.
Unrouted nets 3 at the end of iteration 111.
Unrouted nets 3 at the end of iteration 112.
Unrouted nets 3 at the end of iteration 113.
Unrouted nets 3 at the end of iteration 114.
Unrouted nets 3 at the end of iteration 115.
Unrouted nets 3 at the end of iteration 116.
Unrouted nets 3 at the end of iteration 117.
Unrouted nets 3 at the end of iteration 118.
Unrouted nets 3 at the end of iteration 119.
Unrouted nets 3 at the end of iteration 120.
Unrouted nets 3 at the end of iteration 121.
Unrouted nets 3 at the end of iteration 122.
Unrouted nets 3 at the end of iteration 123.
Unrouted nets 3 at the end of iteration 124.
Unrouted nets 3 at the end of iteration 125.
Unrouted nets 4 at the end of iteration 126.
Unrouted nets 5 at the end of iteration 127.
Unrouted nets 3 at the end of iteration 128.
Unrouted nets 3 at the end of iteration 129.
Unrouted nets 3 at the end of iteration 130.
Unrouted nets 3 at the end of iteration 131.
Unrouted nets 3 at the end of iteration 132.
Unrouted nets 3 at the end of iteration 133.
Unrouted nets 3 at the end of iteration 134.
Unrouted nets 2 at the end of iteration 135.
Unrouted nets 2 at the end of iteration 136.
Unrouted nets 2 at the end of iteration 137.
Unrouted nets 2 at the end of iteration 138.
Unrouted nets 2 at the end of iteration 139.
Unrouted nets 2 at the end of iteration 140.
Unrouted nets 2 at the end of iteration 141.
Unrouted nets 2 at the end of iteration 142.
Unrouted nets 4 at the end of iteration 143.
Unrouted nets 2 at the end of iteration 144.
Unrouted nets 2 at the end of iteration 145.
Unrouted nets 2 at the end of iteration 146.
Unrouted nets 3 at the end of iteration 147.
Unrouted nets 4 at the end of iteration 148.
Unrouted nets 2 at the end of iteration 149.
Unrouted nets 2 at the end of iteration 150.
Unrouted nets 2 at the end of iteration 151.
Unrouted nets 2 at the end of iteration 152.
Unrouted nets 2 at the end of iteration 153.
Unrouted nets 2 at the end of iteration 154.
Unrouted nets 2 at the end of iteration 155.
Unrouted nets 2 at the end of iteration 156.
Unrouted nets 2 at the end of iteration 157.
Unrouted nets 2 at the end of iteration 158.
Unrouted nets 2 at the end of iteration 159.
Unrouted nets 2 at the end of iteration 160.
Unrouted nets 2 at the end of iteration 161.
Unrouted nets 2 at the end of iteration 162.
Unrouted nets 2 at the end of iteration 163.
Unrouted nets 2 at the end of iteration 164.
Unrouted nets 2 at the end of iteration 165.
Unrouted nets 2 at the end of iteration 166.
Unrouted nets 2 at the end of iteration 167.
Unrouted nets 2 at the end of iteration 168.
Unrouted nets 2 at the end of iteration 169.
Unrouted nets 2 at the end of iteration 170.
Unrouted nets 2 at the end of iteration 171.
Unrouted nets 2 at the end of iteration 172.
Unrouted nets 2 at the end of iteration 173.
Unrouted nets 2 at the end of iteration 174.
Unrouted nets 2 at the end of iteration 175.
Unrouted nets 2 at the end of iteration 176.
Unrouted nets 2 at the end of iteration 177.
Unrouted nets 2 at the end of iteration 178.
Unrouted nets 2 at the end of iteration 179.
Unrouted nets 2 at the end of iteration 180.
Unrouted nets 2 at the end of iteration 181.
Unrouted nets 2 at the end of iteration 182.
Unrouted nets 2 at the end of iteration 183.
Unrouted nets 2 at the end of iteration 184.
Unrouted nets 2 at the end of iteration 185.
Unrouted nets 2 at the end of iteration 186.
Unrouted nets 2 at the end of iteration 187.
Unrouted nets 2 at the end of iteration 188.
Unrouted nets 2 at the end of iteration 189.
Unrouted nets 3 at the end of iteration 190.
Unrouted nets 2 at the end of iteration 191.
Unrouted nets 2 at the end of iteration 192.
Unrouted nets 2 at the end of iteration 193.
Unrouted nets 2 at the end of iteration 194.
Unrouted nets 2 at the end of iteration 195.
Unrouted nets 2 at the end of iteration 196.
Unrouted nets 2 at the end of iteration 197.
Unrouted nets 2 at the end of iteration 198.
Unrouted nets 2 at the end of iteration 199.
Unrouted nets 2 at the end of iteration 200.
Unrouted nets 2 at the end of iteration 201.
Unrouted nets 2 at the end of iteration 202.
Unrouted nets 2 at the end of iteration 203.
Unrouted nets 4 at the end of iteration 204.
Unrouted nets 2 at the end of iteration 205.
Unrouted nets 2 at the end of iteration 206.
Unrouted nets 2 at the end of iteration 207.
Unrouted nets 2 at the end of iteration 208.
Unrouted nets 2 at the end of iteration 209.
Unrouted nets 2 at the end of iteration 210.
Unrouted nets 2 at the end of iteration 211.
Unrouted nets 1 at the end of iteration 212.
Unrouted nets 1 at the end of iteration 213.
Unrouted nets 1 at the end of iteration 214.
Unrouted nets 1 at the end of iteration 215.
Unrouted nets 1 at the end of iteration 216.
Unrouted nets 1 at the end of iteration 217.
Unrouted nets 1 at the end of iteration 218.
Unrouted nets 1 at the end of iteration 219.
Unrouted nets 1 at the end of iteration 220.
Unrouted nets 1 at the end of iteration 221.
Unrouted nets 1 at the end of iteration 222.
Unrouted nets 1 at the end of iteration 223.
Unrouted nets 1 at the end of iteration 224.
Unrouted nets 1 at the end of iteration 225.
Unrouted nets 1 at the end of iteration 226.
Unrouted nets 1 at the end of iteration 227.
Unrouted nets 1 at the end of iteration 228.
Unrouted nets 1 at the end of iteration 229.
Unrouted nets 1 at the end of iteration 230.
Unrouted nets 1 at the end of iteration 231.
Unrouted nets 1 at the end of iteration 232.
Unrouted nets 1 at the end of iteration 233.
Unrouted nets 1 at the end of iteration 234.
Unrouted nets 1 at the end of iteration 235.
Unrouted nets 1 at the end of iteration 236.
Unrouted nets 1 at the end of iteration 237.
Unrouted nets 1 at the end of iteration 238.
Unrouted nets 1 at the end of iteration 239.
Unrouted nets 1 at the end of iteration 240.
Unrouted nets 1 at the end of iteration 241.
Unrouted nets 1 at the end of iteration 242.
Unrouted nets 1 at the end of iteration 243.
Unrouted nets 1 at the end of iteration 244.
Unrouted nets 1 at the end of iteration 245.
Unrouted nets 1 at the end of iteration 246.
Unrouted nets 1 at the end of iteration 247.
Unrouted nets 1 at the end of iteration 248.
Unrouted nets 1 at the end of iteration 249.
Unrouted nets 1 at the end of iteration 250.
Unrouted nets 1 at the end of iteration 251.
Unrouted nets 1 at the end of iteration 252.
Unrouted nets 1 at the end of iteration 253.
Unrouted nets 1 at the end of iteration 254.
Unrouted nets 1 at the end of iteration 255.
Unrouted nets 1 at the end of iteration 256.
Unrouted nets 1 at the end of iteration 257.
Unrouted nets 1 at the end of iteration 258.
Unrouted nets 1 at the end of iteration 259.
Unrouted nets 1 at the end of iteration 260.
Unrouted nets 1 at the end of iteration 261.
Unrouted nets 1 at the end of iteration 262.
Unrouted nets 1 at the end of iteration 263.
Unrouted nets 1 at the end of iteration 264.
Unrouted nets 1 at the end of iteration 265.
Unrouted nets 1 at the end of iteration 266.
Unrouted nets 1 at the end of iteration 267.
Unrouted nets 1 at the end of iteration 268.
Unrouted nets 1 at the end of iteration 269.
Unrouted nets 1 at the end of iteration 270.
Unrouted nets 1 at the end of iteration 271.
Unrouted nets 0 at the end of iteration 272.
Global Routing step 2 processed 326 nets, it takes 5.28 sec.
Unrouted nets 153 at the end of iteration 0.
Unrouted nets 74 at the end of iteration 1.
Unrouted nets 37 at the end of iteration 2.
Unrouted nets 19 at the end of iteration 3.
Unrouted nets 18 at the end of iteration 4.
Unrouted nets 18 at the end of iteration 5.
Unrouted nets 12 at the end of iteration 6.
Unrouted nets 12 at the end of iteration 7.
Unrouted nets 11 at the end of iteration 8.
Unrouted nets 6 at the end of iteration 9.
Unrouted nets 5 at the end of iteration 10.
Unrouted nets 3 at the end of iteration 11.
Unrouted nets 3 at the end of iteration 12.
Unrouted nets 3 at the end of iteration 13.
Unrouted nets 3 at the end of iteration 14.
Unrouted nets 2 at the end of iteration 15.
Unrouted nets 1 at the end of iteration 16.
Unrouted nets 1 at the end of iteration 17.
Unrouted nets 1 at the end of iteration 18.
Unrouted nets 1 at the end of iteration 19.
Unrouted nets 1 at the end of iteration 20.
Unrouted nets 2 at the end of iteration 21.
Unrouted nets 1 at the end of iteration 22.
Unrouted nets 1 at the end of iteration 23.
Unrouted nets 1 at the end of iteration 24.
Unrouted nets 1 at the end of iteration 25.
Unrouted nets 1 at the end of iteration 26.
Unrouted nets 1 at the end of iteration 27.
Unrouted nets 1 at the end of iteration 28.
Unrouted nets 1 at the end of iteration 29.
Unrouted nets 1 at the end of iteration 30.
Unrouted nets 1 at the end of iteration 31.
Unrouted nets 2 at the end of iteration 32.
Unrouted nets 0 at the end of iteration 33.
Global Routing step 3 processed 343 nets, it takes 1.61 sec.
Global routing takes 6.92 sec.
Total 17242 subnets.
    forward max bucket size 1492 , backward 585.
        Unrouted nets 12797 at the end of iteration 0.
    route iteration 0, CPU time elapsed 1.843750 sec.
    forward max bucket size 1496 , backward 552.
        Unrouted nets 11128 at the end of iteration 1.
    route iteration 1, CPU time elapsed 1.796875 sec.
    forward max bucket size 1426 , backward 896.
        Unrouted nets 9730 at the end of iteration 2.
    route iteration 2, CPU time elapsed 1.328125 sec.
    forward max bucket size 762 , backward 856.
        Unrouted nets 8547 at the end of iteration 3.
    route iteration 3, CPU time elapsed 1.421875 sec.
    forward max bucket size 1288 , backward 917.
        Unrouted nets 7655 at the end of iteration 4.
    route iteration 4, CPU time elapsed 1.609375 sec.
    forward max bucket size 1021 , backward 1201.
        Unrouted nets 6806 at the end of iteration 5.
    route iteration 5, CPU time elapsed 1.906250 sec.
    forward max bucket size 782 , backward 1215.
        Unrouted nets 6219 at the end of iteration 6.
    route iteration 6, CPU time elapsed 1.703125 sec.
    forward max bucket size 1236 , backward 868.
        Unrouted nets 5410 at the end of iteration 7.
    route iteration 7, CPU time elapsed 1.656250 sec.
    forward max bucket size 909 , backward 1091.
        Unrouted nets 4581 at the end of iteration 8.
    route iteration 8, CPU time elapsed 1.703125 sec.
    forward max bucket size 1002 , backward 1015.
        Unrouted nets 4023 at the end of iteration 9.
    route iteration 9, CPU time elapsed 1.421875 sec.
    forward max bucket size 962 , backward 1002.
        Unrouted nets 3385 at the end of iteration 10.
    route iteration 10, CPU time elapsed 1.406250 sec.
    forward max bucket size 918 , backward 977.
        Unrouted nets 2948 at the end of iteration 11.
    route iteration 11, CPU time elapsed 1.296875 sec.
    forward max bucket size 928 , backward 1076.
        Unrouted nets 2538 at the end of iteration 12.
    route iteration 12, CPU time elapsed 1.187500 sec.
    forward max bucket size 1791 , backward 1424.
        Unrouted nets 2210 at the end of iteration 13.
    route iteration 13, CPU time elapsed 1.156250 sec.
    forward max bucket size 928 , backward 1613.
        Unrouted nets 1920 at the end of iteration 14.
    route iteration 14, CPU time elapsed 1.046875 sec.
    forward max bucket size 529 , backward 1388.
        Unrouted nets 1691 at the end of iteration 15.
    route iteration 15, CPU time elapsed 0.937500 sec.
    forward max bucket size 807 , backward 1071.
        Unrouted nets 1481 at the end of iteration 16.
    route iteration 16, CPU time elapsed 0.875000 sec.
    forward max bucket size 608 , backward 957.
        Unrouted nets 1262 at the end of iteration 17.
    route iteration 17, CPU time elapsed 0.796875 sec.
    forward max bucket size 813 , backward 799.
        Unrouted nets 1128 at the end of iteration 18.
    route iteration 18, CPU time elapsed 0.765625 sec.
    forward max bucket size 678 , backward 861.
        Unrouted nets 1006 at the end of iteration 19.
    route iteration 19, CPU time elapsed 0.671875 sec.
    forward max bucket size 1228 , backward 598.
        Unrouted nets 893 at the end of iteration 20.
    route iteration 20, CPU time elapsed 0.578125 sec.
    forward max bucket size 1115 , backward 563.
        Unrouted nets 777 at the end of iteration 21.
    route iteration 21, CPU time elapsed 0.531250 sec.
    forward max bucket size 565 , backward 785.
        Unrouted nets 727 at the end of iteration 22.
    route iteration 22, CPU time elapsed 0.375000 sec.
    forward max bucket size 820 , backward 880.
        Unrouted nets 648 at the end of iteration 23.
    route iteration 23, CPU time elapsed 0.359375 sec.
    forward max bucket size 569 , backward 503.
        Unrouted nets 487 at the end of iteration 24.
    route iteration 24, CPU time elapsed 0.375000 sec.
    forward max bucket size 618 , backward 510.
        Unrouted nets 459 at the end of iteration 25.
    route iteration 25, CPU time elapsed 0.296875 sec.
    forward max bucket size 598 , backward 720.
        Unrouted nets 445 at the end of iteration 26.
    route iteration 26, CPU time elapsed 0.265625 sec.
    forward max bucket size 385 , backward 933.
        Unrouted nets 406 at the end of iteration 27.
    route iteration 27, CPU time elapsed 0.296875 sec.
    forward max bucket size 359 , backward 873.
        Unrouted nets 372 at the end of iteration 28.
    route iteration 28, CPU time elapsed 0.281250 sec.
    forward max bucket size 495 , backward 672.
        Unrouted nets 292 at the end of iteration 29.
    route iteration 29, CPU time elapsed 0.234375 sec.
    forward max bucket size 505 , backward 955.
        Unrouted nets 244 at the end of iteration 30.
    route iteration 30, CPU time elapsed 0.203125 sec.
    forward max bucket size 481 , backward 499.
        Unrouted nets 196 at the end of iteration 31.
    route iteration 31, CPU time elapsed 0.171875 sec.
    forward max bucket size 450 , backward 434.
        Unrouted nets 175 at the end of iteration 32.
    route iteration 32, CPU time elapsed 0.109375 sec.
    forward max bucket size 439 , backward 423.
        Unrouted nets 131 at the end of iteration 33.
    route iteration 33, CPU time elapsed 0.125000 sec.
    forward max bucket size 441 , backward 520.
        Unrouted nets 102 at the end of iteration 34.
    route iteration 34, CPU time elapsed 0.156250 sec.
    forward max bucket size 409 , backward 509.
        Unrouted nets 107 at the end of iteration 35.
    route iteration 35, CPU time elapsed 0.125000 sec.
    forward max bucket size 299 , backward 228.
        Unrouted nets 91 at the end of iteration 36.
    route iteration 36, CPU time elapsed 0.109375 sec.
    forward max bucket size 445 , backward 296.
        Unrouted nets 63 at the end of iteration 37.
    route iteration 37, CPU time elapsed 0.078125 sec.
    forward max bucket size 365 , backward 317.
        Unrouted nets 70 at the end of iteration 38.
    route iteration 38, CPU time elapsed 0.078125 sec.
    forward max bucket size 353 , backward 227.
        Unrouted nets 46 at the end of iteration 39.
    route iteration 39, CPU time elapsed 0.062500 sec.
    forward max bucket size 357 , backward 185.
        Unrouted nets 37 at the end of iteration 40.
    route iteration 40, CPU time elapsed 0.062500 sec.
    forward max bucket size 314 , backward 708.
        Unrouted nets 42 at the end of iteration 41.
    route iteration 41, CPU time elapsed 0.093750 sec.
    forward max bucket size 310 , backward 700.
        Unrouted nets 43 at the end of iteration 42.
    route iteration 42, CPU time elapsed 0.093750 sec.
    forward max bucket size 563 , backward 688.
        Unrouted nets 40 at the end of iteration 43.
    route iteration 43, CPU time elapsed 0.093750 sec.
    forward max bucket size 315 , backward 508.
        Unrouted nets 29 at the end of iteration 44.
    route iteration 44, CPU time elapsed 0.078125 sec.
    forward max bucket size 426 , backward 340.
        Unrouted nets 27 at the end of iteration 45.
    route iteration 45, CPU time elapsed 0.062500 sec.
    forward max bucket size 448 , backward 299.
        Unrouted nets 29 at the end of iteration 46.
    route iteration 46, CPU time elapsed 0.031250 sec.
    forward max bucket size 112 , backward 145.
        Unrouted nets 28 at the end of iteration 47.
    route iteration 47, CPU time elapsed 0.046875 sec.
    forward max bucket size 487 , backward 978.
        Unrouted nets 19 at the end of iteration 48.
    route iteration 48, CPU time elapsed 0.046875 sec.
    forward max bucket size 486 , backward 1055.
        Unrouted nets 20 at the end of iteration 49.
    route iteration 49, CPU time elapsed 0.062500 sec.
    forward max bucket size 508 , backward 393.
        Unrouted nets 31 at the end of iteration 50.
    route iteration 50, CPU time elapsed 0.062500 sec.
    forward max bucket size 508 , backward 395.
        Unrouted nets 23 at the end of iteration 51.
    route iteration 51, CPU time elapsed 0.046875 sec.
    forward max bucket size 296 , backward 223.
        Unrouted nets 16 at the end of iteration 52.
    route iteration 52, CPU time elapsed 0.062500 sec.
    forward max bucket size 508 , backward 464.
        Unrouted nets 16 at the end of iteration 53.
    route iteration 53, CPU time elapsed 0.046875 sec.
    forward max bucket size 508 , backward 495.
        Unrouted nets 18 at the end of iteration 54.
    route iteration 54, CPU time elapsed 0.062500 sec.
    forward max bucket size 62 , backward 500.
        Unrouted nets 8 at the end of iteration 55.
    route iteration 55, CPU time elapsed 0.046875 sec.
    forward max bucket size 25 , backward 21.
        Unrouted nets 5 at the end of iteration 56.
    route iteration 56, CPU time elapsed 0.046875 sec.
    forward max bucket size 214 , backward 211.
        Unrouted nets 3 at the end of iteration 57.
    route iteration 57, CPU time elapsed 0.031250 sec.
    forward max bucket size 21 , backward 21.
        Unrouted nets 3 at the end of iteration 58.
    route iteration 58, CPU time elapsed 0.031250 sec.
    forward max bucket size 31 , backward 29.
        Unrouted nets 3 at the end of iteration 59.
    route iteration 59, CPU time elapsed 0.031250 sec.
    forward max bucket size 82 , backward 11.
        Unrouted nets 3 at the end of iteration 60.
    route iteration 60, CPU time elapsed 0.031250 sec.
    forward max bucket size 82 , backward 11.
        Unrouted nets 3 at the end of iteration 61.
    route iteration 61, CPU time elapsed 0.046875 sec.
    forward max bucket size 81 , backward 11.
        Unrouted nets 4 at the end of iteration 62.
    route iteration 62, CPU time elapsed 0.031250 sec.
    forward max bucket size 84 , backward 12.
        Unrouted nets 10 at the end of iteration 63.
    route iteration 63, CPU time elapsed 0.031250 sec.
    forward max bucket size 87 , backward 19.
        Unrouted nets 5 at the end of iteration 64.
    route iteration 64, CPU time elapsed 0.031250 sec.
    forward max bucket size 19 , backward 13.
        Unrouted nets 6 at the end of iteration 65.
    route iteration 65, CPU time elapsed 0.031250 sec.
    forward max bucket size 19 , backward 22.
        Unrouted nets 6 at the end of iteration 66.
    route iteration 66, CPU time elapsed 0.031250 sec.
    forward max bucket size 20 , backward 24.
        Unrouted nets 6 at the end of iteration 67.
    route iteration 67, CPU time elapsed 0.031250 sec.
    forward max bucket size 199 , backward 500.
        Unrouted nets 5 at the end of iteration 68.
    route iteration 68, CPU time elapsed 0.046875 sec.
    forward max bucket size 16 , backward 27.
        Unrouted nets 6 at the end of iteration 69.
    route iteration 69, CPU time elapsed 0.031250 sec.
    forward max bucket size 17 , backward 27.
        Unrouted nets 11 at the end of iteration 70.
    route iteration 70, CPU time elapsed 0.031250 sec.
    forward max bucket size 45 , backward 152.
        Unrouted nets 11 at the end of iteration 71.
    route iteration 71, CPU time elapsed 0.031250 sec.
    forward max bucket size 58 , backward 146.
        Unrouted nets 11 at the end of iteration 72.
    route iteration 72, CPU time elapsed 0.031250 sec.
    forward max bucket size 52 , backward 144.
        Unrouted nets 1 at the end of iteration 73.
    route iteration 73, CPU time elapsed 0.031250 sec.
    forward max bucket size 8 , backward 3.
        Unrouted nets 1 at the end of iteration 74.
    route iteration 74, CPU time elapsed 0.031250 sec.
    forward max bucket size 8 , backward 3.
        Unrouted nets 1 at the end of iteration 75.
    route iteration 75, CPU time elapsed 0.031250 sec.
    forward max bucket size 8 , backward 3.
        Unrouted nets 1 at the end of iteration 76.
    route iteration 76, CPU time elapsed 0.031250 sec.
    forward max bucket size 8 , backward 3.
        Unrouted nets 1 at the end of iteration 77.
    route iteration 77, CPU time elapsed 0.031250 sec.
    forward max bucket size 8 , backward 3.
        Unrouted nets 1 at the end of iteration 78.
    route iteration 78, CPU time elapsed 0.031250 sec.
    forward max bucket size 8 , backward 3.
        Unrouted nets 1 at the end of iteration 79.
    route iteration 79, CPU time elapsed 0.031250 sec.
    forward max bucket size 8 , backward 3.
        Unrouted nets 1 at the end of iteration 80.
    route iteration 80, CPU time elapsed 0.031250 sec.
    forward max bucket size 8 , backward 3.
        Unrouted nets 1 at the end of iteration 81.
    route iteration 81, CPU time elapsed 0.031250 sec.
    forward max bucket size 8 , backward 3.
        Unrouted nets 1 at the end of iteration 82.
    route iteration 82, CPU time elapsed 0.031250 sec.
    forward max bucket size 8 , backward 3.
        Unrouted nets 1 at the end of iteration 83.
    route iteration 83, CPU time elapsed 0.031250 sec.
    forward max bucket size 8 , backward 3.
        Unrouted nets 1 at the end of iteration 84.
    route iteration 84, CPU time elapsed 0.031250 sec.
    forward max bucket size 8 , backward 3.
        Unrouted nets 1 at the end of iteration 85.
    route iteration 85, CPU time elapsed 0.031250 sec.
    forward max bucket size 8 , backward 3.
        Unrouted nets 1 at the end of iteration 86.
    route iteration 86, CPU time elapsed 0.031250 sec.
    forward max bucket size 8 , backward 3.
        Unrouted nets 1 at the end of iteration 87.
    route iteration 87, CPU time elapsed 0.031250 sec.
    forward max bucket size 8 , backward 3.
        Unrouted nets 1 at the end of iteration 88.
    route iteration 88, CPU time elapsed 0.031250 sec.
    forward max bucket size 8 , backward 3.
        Unrouted nets 1 at the end of iteration 89.
    route iteration 89, CPU time elapsed 0.031250 sec.
    forward max bucket size 8 , backward 3.
        Unrouted nets 1 at the end of iteration 90.
    route iteration 90, CPU time elapsed 0.031250 sec.
    forward max bucket size 8 , backward 3.
        Unrouted nets 1 at the end of iteration 91.
    route iteration 91, CPU time elapsed 0.031250 sec.
    forward max bucket size 8 , backward 3.
        Unrouted nets 1 at the end of iteration 92.
    route iteration 92, CPU time elapsed 0.031250 sec.
    forward max bucket size 8 , backward 3.
        Unrouted nets 1 at the end of iteration 93.
    route iteration 93, CPU time elapsed 0.031250 sec.
    forward max bucket size 8 , backward 3.
        Unrouted nets 1 at the end of iteration 94.
    route iteration 94, CPU time elapsed 0.031250 sec.
    forward max bucket size 8 , backward 3.
        Unrouted nets 1 at the end of iteration 95.
    route iteration 95, CPU time elapsed 0.031250 sec.
    forward max bucket size 8 , backward 3.
        Unrouted nets 1 at the end of iteration 96.
    route iteration 96, CPU time elapsed 0.031250 sec.
    forward max bucket size 8 , backward 3.
        Unrouted nets 1 at the end of iteration 97.
    route iteration 97, CPU time elapsed 0.031250 sec.
    forward max bucket size 8 , backward 3.
        Unrouted nets 1 at the end of iteration 98.
    route iteration 98, CPU time elapsed 0.031250 sec.
    forward max bucket size 8 , backward 3.
        Unrouted nets 1 at the end of iteration 99.
    route iteration 99, CPU time elapsed 0.031250 sec.
    forward max bucket size 8 , backward 3.
        Unrouted nets 1 at the end of iteration 100.
    route iteration 100, CPU time elapsed 0.031250 sec.
    forward max bucket size 8 , backward 3.
        Unrouted nets 1 at the end of iteration 101.
    route iteration 101, CPU time elapsed 0.031250 sec.
    forward max bucket size 8 , backward 3.
        Unrouted nets 1 at the end of iteration 102.
    route iteration 102, CPU time elapsed 0.031250 sec.
    forward max bucket size 8 , backward 3.
        Unrouted nets 1 at the end of iteration 103.
    route iteration 103, CPU time elapsed 0.031250 sec.
    forward max bucket size 8 , backward 3.
        Unrouted nets 1 at the end of iteration 104.
    route iteration 104, CPU time elapsed 0.031250 sec.
    forward max bucket size 8 , backward 3.
        Unrouted nets 1 at the end of iteration 105.
    route iteration 105, CPU time elapsed 0.046875 sec.
    forward max bucket size 8 , backward 3.
        Unrouted nets 1 at the end of iteration 106.
    route iteration 106, CPU time elapsed 0.031250 sec.
    forward max bucket size 8 , backward 3.
        Unrouted nets 1 at the end of iteration 107.
    route iteration 107, CPU time elapsed 0.031250 sec.
    forward max bucket size 8 , backward 3.
        Unrouted nets 1 at the end of iteration 108.
    route iteration 108, CPU time elapsed 0.031250 sec.
    forward max bucket size 8 , backward 3.
        Unrouted nets 1 at the end of iteration 109.
    route iteration 109, CPU time elapsed 0.031250 sec.
    forward max bucket size 8 , backward 3.
        Unrouted nets 1 at the end of iteration 110.
    route iteration 110, CPU time elapsed 0.031250 sec.
    forward max bucket size 8 , backward 3.
        Unrouted nets 1 at the end of iteration 111.
    route iteration 111, CPU time elapsed 0.031250 sec.
    forward max bucket size 8 , backward 3.
        Unrouted nets 1 at the end of iteration 112.
    route iteration 112, CPU time elapsed 0.031250 sec.
    forward max bucket size 4 , backward 9.
        Unrouted nets 7 at the end of iteration 113.
    route iteration 113, CPU time elapsed 0.031250 sec.
    forward max bucket size 20 , backward 69.
        Unrouted nets 9 at the end of iteration 114.
    route iteration 114, CPU time elapsed 0.046875 sec.
    forward max bucket size 292 , backward 157.
        Unrouted nets 5 at the end of iteration 115.
    route iteration 115, CPU time elapsed 0.031250 sec.
    forward max bucket size 321 , backward 186.
        Unrouted nets 8 at the end of iteration 116.
    route iteration 116, CPU time elapsed 0.031250 sec.
    forward max bucket size 19 , backward 69.
        Unrouted nets 4 at the end of iteration 117.
    route iteration 117, CPU time elapsed 0.031250 sec.
    forward max bucket size 13 , backward 13.
        Unrouted nets 6 at the end of iteration 118.
    route iteration 118, CPU time elapsed 0.031250 sec.
    forward max bucket size 23 , backward 22.
        Unrouted nets 6 at the end of iteration 119.
    route iteration 119, CPU time elapsed 0.031250 sec.
    forward max bucket size 23 , backward 33.
        Unrouted nets 8 at the end of iteration 120.
    route iteration 120, CPU time elapsed 0.031250 sec.
    forward max bucket size 50 , backward 60.
        Unrouted nets 8 at the end of iteration 121.
    route iteration 121, CPU time elapsed 0.046875 sec.
    forward max bucket size 16 , backward 10.
        Unrouted nets 2 at the end of iteration 122.
    route iteration 122, CPU time elapsed 0.031250 sec.
    forward max bucket size 8 , backward 8.
        Unrouted nets 0 at the end of iteration 123.
    route iteration 123, CPU time elapsed 0.031250 sec.
Detailed routing takes 123 iterations
Detailed routing takes 36.23 sec.
Start fix hold violation.
Build tmp routing results takes 0.11 sec.
Timing analysis takes 0.12 sec.
Hold violation fix iter 0 takes 0.33 sec, total_step_forward 122686.
Incremental timing analysis takes 0.09 sec.
Hold violation fix iter 1 takes 0.23 sec, total_step_forward 116698.
Incremental timing analysis takes 0.09 sec.
Hold violation fix iter 2 takes 0.25 sec, total_step_forward 125444.
Incremental timing analysis takes 0.11 sec.
Hold violation fix iter 3 takes 0.17 sec, total_step_forward 67571.
Incremental timing analysis takes 0.11 sec.
Hold violation fix iter 4 takes 0.14 sec, total_step_forward 67581.
Incremental timing analysis takes 0.11 sec.
Hold violation fix iter 5 takes 0.16 sec, total_step_forward 67581.
Hold Violation Fix in router takes 6 iterations.
Fix hold violation Finished.
Hold Violation Fix in router takes 2.30 sec.

Dispose routing result:
    Collect routing result.
    Delete unused device instances.
    Annotate routing result.
    Change LUT configuration.
    Dispose misc instances.
    Annotate routing result again.
Finish routing takes 0.61 sec.
The timing paths of the clock ddrphy_clkin have hold violation, the worst slack : -1.
Hold fix iterated 1 times
The hold violation of the clock ddrphy_clkin has been fixed unsuccessfully, the finally worst slack: 57(slow), -1(fast).
Hold violation fix failed. (takes 57.58 sec).
Used SRB routing arc is 152328.
Cleanup routing takes 0.02 sec.
Routing done.
Total routing takes 105.91 sec.


Device Utilization Summary :
+---------------------------------------------------------------------------+
| Logic Utilization        | Used     | Available     | Utilization(%)     
+---------------------------------------------------------------------------+
| Use of APM               | 0        | 84            | 0                  
| Use of BKCL              | 4        | 4             | 100                
| Use of CLMA              | 1648     | 6450          | 26                 
|   FF                     | 5677     | 38700         | 15                 
|   LUT                    | 5112     | 25800         | 20                 
|   LUT-FF pairs           | 2793     | 25800         | 11                 
| Use of CLMS              | 1103     | 4250          | 26                 
|   FF                     | 3766     | 25500         | 15                 
|   LUT                    | 3505     | 17000         | 21                 
|   LUT-FF pairs           | 1970     | 17000         | 12                 
|   Distributed RAM        | 70       | 17000         | 1                  
| Use of CRYSTAL           | 0        | 2             | 0                  
| Use of DLL               | 1        | 10            | 10                 
| Use of DQSL              | 8        | 18            | 45                 
| Use of DRM               | 0        | 134           | 0                  
| Use of FUSECODE          | 0        | 1             | 0                  
| Use of HARD0N1           | 338      | 6672          | 6                  
| Use of HSST              | 0        | 1             | 0                  
| Use of IO                | 79       | 296           | 27                 
|   IOBD                   | 3        | 64            | 5                  
|   IOBR_LR                | 1        | 7             | 15                 
|   IOBR_TB                | 0        | 8             | 0                  
|   IOBS_LR                | 72       | 161           | 45                 
|   IOBS_TB                | 3        | 56            | 6                  
| Use of IOCKDIV           | 1        | 20            | 5                  
| Use of IOCKDLY           | 0        | 40            | 0                  
| Use of IOCKGATE          | 4        | 20            | 20                 
| Use of IOCKGMUX_TEST     | 0        | 20            | 0                  
| Use of IOL               | 79       | 400           | 20                 
| Use of IPAL              | 0        | 1             | 0                  
| Use of LDO               | 0        | 4             | 0                  
| Use of MFG_TEST          | 0        | 1             | 0                  
| Use of OSC               | 0        | 1             | 0                  
| Use of PCIE              | 0        | 1             | 0                  
| Use of PIOMUX_TEST       | 0        | 10            | 0                  
| Use of PLL               | 2        | 5             | 40                 
| Use of PREGMUX_TEST      | 0        | 6             | 0                  
| Use of RCKB              | 3        | 24            | 13                 
|  RCKB dataused           | 3        | 24            | 13                 
| Use of RCKBMUX_TEST      | 0        | 12            | 0                  
| Use of RESCAL            | 0        | 4             | 0                  
| Use of SCANCHAIN         | 0        | 2             | 0                  
| Use of START             | 1        | 1             | 100                
| Use of UDID              | 0        | 1             | 0                  
| Use of USCM              | 4        | 30            | 14                 
|  USCM dataused           | 0        | 30            | 0                  
| Use of USCMMUX_TEST      | 0        | 30            | 0                  
| Use of VCKBMUX_TEST      | 0        | 12            | 0                  
+---------------------------------------------------------------------------+

Finished routing.
Design 'test_ddr' has been placed and routed successfully.
Saving design to DB.
Finished placement and routing.
Action pnr: Real time elapsed is 0h:2m:43s
Action pnr: CPU time elapsed is 0h:2m:41s
Action pnr: Process CPU time elapsed is 0h:3m:33s
Current time: Mon Oct 21 14:11:59 2024
Action pnr: Peak memory pool usage is 1,422 MB
