[Info] [2024-10-21 14:12:34] /***************************Start Configuration***************************/
[Info] [2024-10-21 14:12:34] Path: D:/Tools/pango/PDS_2022.2-SP1-Lite/bin
[Info] [2024-10-21 14:12:34] Version: 132640
[Info] [2024-10-21 14:12:35] Current Path: D:/Files/Pango/lite/ddr3_test/pnr/ipcore/axi_ddr/pnr
[Info] [2024-10-21 14:12:35] PDS Dir Path: D:/Files/Pango/lite/ddr3_test/pnr/ipcore/axi_ddr/pnr
[Info] [2024-10-21 14:12:36] Configuration is not connect with server. connect first then scan chain.
[Debug] [2024-10-21 14:12:36] Client Local host name:Y9000P
[Debug] [2024-10-21 14:12:36] Client Local Address:26.126.13.116
[Debug] [2024-10-21 14:12:36] Client Local Address:172.19.96.1
[Debug] [2024-10-21 14:12:36] Client Local Address:192.168.238.1
[Debug] [2024-10-21 14:12:36] Client Local Address:192.168.70.1
[Debug] [2024-10-21 14:12:36] Client Local Address:172.28.146.109
[Debug] [2024-10-21 14:12:36] Server Address:127.0.0.1, Port:65420
[Info] [2024-10-21 14:12:38] Connect OK, Server: 127.0.0.1  Port: 65420
[Debug] [2024-10-21 14:12:38] Finish.
[Info] [2024-10-21 14:12:38] Connect server succeeded
[Debug] [2024-10-21 14:12:38] Send RPC:1
[Debug] [2024-10-21 14:12:38] Send cmd [check version information:40004] OK
[Debug] [2024-10-21 14:12:38] Send RPC:2
[Debug] [2024-10-21 14:12:38] Send cmd [get_cable_paras:40010] OK
[Debug] [2024-10-21 14:12:38] Begin to send initialize chain cmd...
[Debug] [2024-10-21 14:12:38] Send RPC:3
[Debug] [2024-10-21 14:12:38] Send cmd [Open config cable:20001] OK
[Debug] [2024-10-21 14:12:38] End to send initialize chain cmd.
[Debug] [2024-10-21 14:12:38] COMMAND[check version information] execute successfully, takes 0.0 secs.
[Debug] [2024-10-21 14:12:39] COMMAND[get_cable_paras] execute successfully, takes 0.8 secs.
[Debug] [2024-10-21 14:12:39] begin the exec of open cable cmd...
[Debug] [2024-10-21 14:12:39] Begin to deal with chain from server...
[Debug] [2024-10-21 14:12:39] Begin to set user chain...
[Debug] [2024-10-21 14:12:39] End to set user chain.
[Debug] [2024-10-21 14:12:39] Begin to update graphic item and tree item ...
[Debug] [2024-10-21 14:12:39] End to update graphic item and tree item ...
[Info] [2024-10-21 14:12:40] set OpenLastPath: D:/Files/Pango/lite/ddr3_test/pnr/ipcore/axi_ddr/pnr/generate_bitstream/test_ddr.sbit
[Debug] [2024-10-21 14:12:40] begin to get device info from CFG file...
[Debug] [2024-10-21 14:12:40] end to get device info from CFG file...
[Debug] [2024-10-21 14:12:40] Begin to update graphic item and tree item ...
[Debug] [2024-10-21 14:12:40] End to update graphic item and tree item ...
[Debug] [2024-10-21 14:12:40] Begin to update graphic item and tree item ...
[Debug] [2024-10-21 14:12:40] End to update graphic item and tree item ...
[Debug] [2024-10-21 14:12:40] End to deal wiht chain from server.
[Debug] [2024-10-21 14:12:40] end the exec of open cable cmd.
[Debug] [2024-10-21 14:12:40] COMMAND[Open config cable] execute successfully, takes 2.4 secs.
[Debug] [2024-10-21 14:12:41] Begin to send programming cmd...
[Debug] [2024-10-21 14:12:41] Send RPC:4
[Debug] [2024-10-21 14:12:41] Begin to send program data.
[Debug] [2024-10-21 14:12:41] End to send program data.
[Debug] [2024-10-21 14:12:41] Send cmd [Program:20002] OK
[Debug] [2024-10-21 14:12:41] The value of Progress is 6
[Debug] [2024-10-21 14:12:41] The value of Progress is 10
[Debug] [2024-10-21 14:12:41] The value of Progress is 15
[Debug] [2024-10-21 14:12:41] The value of Progress is 20
[Debug] [2024-10-21 14:12:41] The value of Progress is 25
[Debug] [2024-10-21 14:12:42] The value of Progress is 30
[Debug] [2024-10-21 14:12:42] The value of Progress is 35
[Debug] [2024-10-21 14:12:42] The value of Progress is 40
[Debug] [2024-10-21 14:12:42] The value of Progress is 45
[Debug] [2024-10-21 14:12:42] The value of Progress is 50
[Debug] [2024-10-21 14:12:42] The value of Progress is 55
[Debug] [2024-10-21 14:12:42] The value of Progress is 60
[Debug] [2024-10-21 14:12:42] The value of Progress is 65
[Debug] [2024-10-21 14:12:42] The value of Progress is 70
[Debug] [2024-10-21 14:12:42] The value of Progress is 75
[Debug] [2024-10-21 14:12:42] The value of Progress is 80
[Debug] [2024-10-21 14:12:43] The value of Progress is 85
[Debug] [2024-10-21 14:12:43] The value of Progress is 90
[Debug] [2024-10-21 14:12:43] The value of Progress is 95
[Debug] [2024-10-21 14:12:43] The value of Progress is 100
[Debug] [2024-10-21 14:12:43] COMMAND[Program] execute successfully, takes 2.0 secs.
[Debug] [2024-10-21 14:12:43] End to send programming cmd.
[Info] [2024-10-21 14:14:40] /***************************End Configration***************************/
