[Info] [2024-10-21 14:12:37] /***************************Start jtagserver***************************/
[Info] [2024-10-21 14:12:37] Path: D:/Tools/pango/PDS_2022.2-SP1-Lite/bin
[Info] [2024-10-21 14:12:37] Version: 132640
[Debug] [2024-10-21 14:12:38] Add a new user_thread, socket descriptor is 1216 user_thread id is 0000000000006904
[Debug] [2024-10-21 14:12:38] After adding, map size is : 1
[Debug] [2024-10-21 14:12:38] Add a new user_thread, socket descriptor is 1220 user_thread id is 0000000000006904
[Debug] [2024-10-21 14:12:38] After adding, map size is : 2
[Debug] [2024-10-21 14:12:38] IP address of connecting client is : ::ffff:127.0.0.1
[Debug] [2024-10-21 14:12:38] IP address of connecting client is : ::ffff:127.0.0.1IP address of connecting client is : ::ffff:127.0.0.1
[Debug] [2024-10-21 14:12:38] Remove the header data from the client, index : 0
[Debug] [2024-10-21 14:12:38] _total_bytes_size : 166
[Debug] [2024-10-21 14:12:38] Remove the header data from the client, index : 0
[Debug] [2024-10-21 14:12:38] _total_bytes_size : 96
[Debug] [2024-10-21 14:12:38] cmd id :40010cmd name : get_cable_paras
[Debug] [2024-10-21 14:12:39] cmd operation get_cable_paras releases locker
[Debug] [2024-10-21 14:12:39] Remove the header data from the client, index : 0
[Debug] [2024-10-21 14:12:39] _total_bytes_size : 101
[Debug] [2024-10-21 14:12:39] cmd id :20001cmd name : Open config cable
[Debug] [2024-10-21 14:12:39] the idcode from the scanning is: 0x10521899
[Debug] [2024-10-21 14:12:39] the idcode from the scanning is: 0x0
[Debug] [2024-10-21 14:12:39] the idcode from the scanning is: 0x0
[Debug] [2024-10-21 14:12:39] the idcode from the scanning is: 0x0
[Debug] [2024-10-21 14:12:39] the idcode from the scanning is: 0x0
[Debug] [2024-10-21 14:12:39] cmd operation Open config cable releases locker
[Debug] [2024-10-21 14:12:41] Remove the header data from the client, index : 0
[Debug] [2024-10-21 14:12:41] _total_bytes_size : 286
[Debug] [2024-10-21 14:12:41] cmd id :4e22cmd name : Program
[Debug] [2024-10-21 14:12:41] the idcode from the scanning is: 0x10521899
[Debug] [2024-10-21 14:12:41] the idcode from the scanning is: 0x0
[Debug] [2024-10-21 14:12:41] the idcode from the scanning is: 0x0
[Debug] [2024-10-21 14:12:41] the idcode from the scanning is: 0x0
[Debug] [2024-10-21 14:12:41] the idcode from the scanning is: 0x0
[Debug] [2024-10-21 14:12:41] begin to read back config registerregAddr is 4
[Debug] [2024-10-21 14:12:41] progress bar is 6
[Debug] [2024-10-21 14:12:41] progress bar is 10
[Debug] [2024-10-21 14:12:41] progress bar is 15
[Debug] [2024-10-21 14:12:41] progress bar is 20
[Debug] [2024-10-21 14:12:41] progress bar is 25
[Debug] [2024-10-21 14:12:42] progress bar is 30
[Debug] [2024-10-21 14:12:42] progress bar is 35
[Debug] [2024-10-21 14:12:42] progress bar is 40
[Debug] [2024-10-21 14:12:42] progress bar is 45
[Debug] [2024-10-21 14:12:42] progress bar is 50
[Debug] [2024-10-21 14:12:42] progress bar is 55
[Debug] [2024-10-21 14:12:42] progress bar is 60
[Debug] [2024-10-21 14:12:42] progress bar is 65
[Debug] [2024-10-21 14:12:42] progress bar is 70
[Debug] [2024-10-21 14:12:42] progress bar is 75
[Debug] [2024-10-21 14:12:42] progress bar is 80
[Debug] [2024-10-21 14:12:43] progress bar is 85
[Debug] [2024-10-21 14:12:43] progress bar is 90
[Debug] [2024-10-21 14:12:43] progress bar is 95
[Debug] [2024-10-21 14:12:43] progress bar is 100
[Debug] [2024-10-21 14:12:43] the value in the status register is :2096288
[Debug] [2024-10-21 14:12:43] cmd operation Program releases locker
