IP Generator (Version 2022.1 build 99559)
Check out license ...
Start generating at 2024-11-24 20:53
Instance: rd_buf_256to8 (D:\Files\Pango\Pango-FPGA\dso_ddr\pnr\ipcore\rd_buf_256to8\rd_buf_256to8.idf)
IP: DRM Based Simple Dual Port RAM (1.6)
Part: Logos-PGL50H-FBG484--6
Create directory 'rtl' ...
Copy 'rtl\ipml_sdpram_v1_6.v.xml' to 'rtl' ...
Compile file 'rtl\ipml_sdpram_v1_6.v.xml' to 'rtl\ipml_sdpram_v1_6_rd_buf_256to8.v' ...
Copy 'ipml_sdpram_wrapper_v1_6.v.xml' ...
Compile file 'ipml_sdpram_wrapper_v1_6.v.xml' to 'rd_buf_256to8.v' ...
Found top module 'rd_buf_256to8' in file 'rd_buf_256to8.v'.
Copy 'ipml_sdpram_wrapper_v1_3_tb.v.xml' ...
Compile file 'ipml_sdpram_wrapper_v1_3_tb.v.xml' to 'rd_buf_256to8_tb.v' ...
Copy 'init_param_bin_exmp.dat' ...
Copy 'init_param_hex_exmp.dat' ...
Run file 'createParam.tcl' ...
Create template file 'rd_buf_256to8_tmpl.v' ...
Create template file 'rd_buf_256to8_tmpl.vhdl' ...
There are 2 source files to synthesize.
Synthesis is disabled.
Done: 0 error(s), 0 warning(s)
