IP Generator (Version 2022.1 build 99559)
Check out license ...
Start generating at 2023-12-21 15:24
Instance: rom_sin_wave (D:\admin\desktop\AD_DA_50H\da_ad_HDMI\ipcore\rom_sin_wave\rom_sin_wave.idf)
IP: DRM Based ROM (1.5)
Part: Logos-PGL50H-FBG484--5
Create directory 'rtl' ...
Copy 'rtl\ipml_rom_v1_5.v.xml' to 'rtl' ...
Copy 'rtl\ipml_spram_v1_5.v.xml' to 'rtl' ...
Compile file 'rtl\ipml_spram_v1_5.v.xml' to 'rtl\ipml_spram_v1_5_rom_sin_wave.v' ...
Compile file 'rtl\ipml_rom_v1_5.v.xml' to 'rtl\ipml_rom_v1_5_rom_sin_wave.v' ...
Copy 'ipml_rom_wrapper_v1_5.v.xml' ...
Compile file 'ipml_rom_wrapper_v1_5.v.xml' to 'rom_sin_wave.v' ...
Found top module 'rom_sin_wave' in file 'rom_sin_wave.v'.
Copy 'ipml_rom_wrapper_v1_3_tb.v.xml' ...
Compile file 'ipml_rom_wrapper_v1_3_tb.v.xml' to 'rom_sin_wave_tb.v' ...
Copy 'init_param_bin_exmp.dat' ...
Copy 'init_param_hex_exmp.dat' ...
Run file 'createParam.tcl' ...
Create template file 'rom_sin_wave_tmpl.v' ...
Create template file 'rom_sin_wave_tmpl.vhdl' ...
There are 3 source files to synthesize.
Synthesis is disabled.
Done: 0 error(s), 0 warning(s)
